Listening for transport dt_socket at address: 10099
maj 25, 2021 3:08:23 PM io.helidon.common.LogConfig doConfigureLogging
INFO: Logging at initialization configured using defaults
maj 25, 2021 3:08:23 PM org.jboss.weld.bootstrap.WeldStartup <clinit>
INFO: WELD-000900: 3.1.4 (Final)
maj 25, 2021 3:08:24 PM org.jboss.weld.environment.deployment.discovery.DiscoveryStrategyFactory create
INFO: WELD-ENV-000020: Using jandex for bean discovery
maj 25, 2021 3:08:24 PM org.jboss.weld.event.ExtensionObserverMethodImpl checkRequiredTypeAnnotations
INFO: WELD-000411: Observer method [BackedAnnotatedMethod] public org.glassfish.jersey.ext.cdi1x.internal.ProcessAllAnnotatedTypes.processAnnotatedType(@Observes ProcessAnnotatedType<?>, BeanManager) receives events for all annotated types. Consider restricting events using @WithAnnotations or a generic type with bounds.
maj 25, 2021 3:08:24 PM org.jboss.weld.event.ExtensionObserverMethodImpl checkRequiredTypeAnnotations
INFO: WELD-000411: Observer method [BackedAnnotatedMethod] private io.helidon.microprofile.openapi.OpenApiCdiExtension.processAnnotatedType(@Observes ProcessAnnotatedType<X>) receives events for all annotated types. Consider restricting events using @WithAnnotations or a generic type with bounds.
maj 25, 2021 3:08:26 PM io.helidon.tracing.tracerresolver.TracerResolverBuilder build
INFO: TracerResolver not configured, tracing is disabled
maj 25, 2021 3:08:26 PM io.helidon.microprofile.tracing.TracingCdiExtension prepareTracer
WARNING: helidon-microprofile-tracing is on the classpath, yet there is no tracer implementation library. Tracing uses a no-op tracer. As a result, no tracing will be configured for WebServer and JAX-RS
maj 25, 2021 3:08:26 PM io.helidon.microprofile.security.SecurityCdiExtension registerSecurity
INFO: Authentication provider is missing from security configuration, but security extension for microprofile is enabled (requires providers configuration at key security.providers). Security will not have any valid authentication provider
maj 25, 2021 3:08:26 PM io.helidon.microprofile.security.SecurityCdiExtension registerSecurity
INFO: Authorization provider is missing from security configuration, but security extension for microprofile is enabled (requires providers configuration at key security.providers). ABAC provider is configured for authorization.
maj 25, 2021 3:08:26 PM org.hibernate.jpa.internal.util.LogHelper logPersistenceUnitInformation
INFO: HHH000204: Processing PersistenceUnitInfo [name: demo]
maj 25, 2021 3:08:26 PM org.hibernate.Version logVersion
INFO: HHH000412: Hibernate ORM core version 5.4.18.Final
maj 25, 2021 3:08:27 PM org.hibernate.annotations.common.reflection.java.JavaReflectionManager <clinit>
INFO: HCANN000001: Hibernate Commons Annotations {5.1.0.Final}
maj 25, 2021 3:08:27 PM com.zaxxer.hikari.HikariDataSource <init>
INFO: HikariPool-1 - Starting...
maj 25, 2021 3:08:27 PM com.zaxxer.hikari.HikariDataSource <init>
INFO: HikariPool-1 - Start completed.
maj 25, 2021 3:08:27 PM org.hibernate.dialect.Dialect <init>
INFO: HHH000400: Using dialect: org.hibernate.dialect.SQLServerDialect
maj 25, 2021 3:08:28 PM org.hibernate.engine.transaction.jta.platform.internal.JtaPlatformInitiator initiateService
INFO: HHH000490: Using JtaPlatform implementation: [io.helidon.integrations.cdi.hibernate.CDISEJtaPlatform$Proxy$_$$_WeldClientProxy]
maj 25, 2021 3:08:29 PM io.helidon.microprofile.server.ServerCdiExtension addApplication
INFO: Registering JAX-RS Application: Quiz_OP
maj 25, 2021 3:08:29 PM org.glassfish.jersey.internal.Errors logErrors
WARNING: The following warnings have been detected: WARNING: The (sub)resource method createAdvertisement in dk.eaaa.resource.UserResource contains empty path annotation.
WARNING: The (sub)resource method createAdvertisement in dk.eaaa.resource.AdvertisementResource contains empty path annotation.

maj 25, 2021 3:08:30 PM io.helidon.webserver.NettyWebServer lambda$start$7
INFO: Channel '@default' startup failed with message 'Address already in use: bind'.
maj 25, 2021 3:08:30 PM com.zaxxer.hikari.HikariDataSource close
INFO: HikariPool-1 - Shutdown initiated...
maj 25, 2021 3:08:30 PM com.zaxxer.hikari.HikariDataSource close
INFO: HikariPool-1 - Shutdown completed.
maj 25, 2021 3:08:30 PM org.hibernate.resource.beans.container.spi.AbstractCdiBeanContainer stop
INFO: HHH10005004: Stopping BeanContainer : org.hibernate.resource.beans.container.internal.CdiBeanContainerImmediateAccessImpl@7322013f
maj 25, 2021 3:08:30 PM io.helidon.microprofile.cdi.HelidonContainerImpl$HelidonCdi close
INFO: WELD-ENV-002001: Weld SE container 3fcf98c2-a1db-46b0-9b3e-04633d3ab1a1 shut down
Exception in thread "main" javax.enterprise.inject.spi.DeploymentException: Failed to start webserver
	at io.helidon.microprofile.server.ServerCdiExtension.startServer(ServerCdiExtension.java:139)
	at java.base/jdk.internal.reflect.NativeMethodAccessorImpl.invoke0(Native Method)
	at java.base/jdk.internal.reflect.NativeMethodAccessorImpl.invoke(NativeMethodAccessorImpl.java:62)
	at java.base/jdk.internal.reflect.DelegatingMethodAccessorImpl.invoke(DelegatingMethodAccessorImpl.java:43)
	at java.base/java.lang.reflect.Method.invoke(Method.java:566)
	at org.jboss.weld.injection.StaticMethodInjectionPoint.invoke(StaticMethodInjectionPoint.java:95)
	at org.jboss.weld.injection.MethodInvocationStrategy$SpecialParamPlusBeanManagerStrategy.invoke(MethodInvocationStrategy.java:187)
	at org.jboss.weld.event.ObserverMethodImpl.sendEvent(ObserverMethodImpl.java:330)
	at org.jboss.weld.event.ExtensionObserverMethodImpl.sendEvent(ExtensionObserverMethodImpl.java:123)
	at org.jboss.weld.event.ObserverMethodImpl.sendEvent(ObserverMethodImpl.java:308)
	at org.jboss.weld.event.ObserverMethodImpl.notify(ObserverMethodImpl.java:286)
	at javax.enterprise.inject.spi.ObserverMethod.notify(ObserverMethod.java:124)
	at org.jboss.weld.util.Observers.notify(Observers.java:166)
	at org.jboss.weld.event.ObserverNotifier.notifySyncObservers(ObserverNotifier.java:285)
	at org.jboss.weld.event.ObserverNotifier.notify(ObserverNotifier.java:273)
	at org.jboss.weld.event.EventImpl.fire(EventImpl.java:96)
	at io.helidon.microprofile.cdi.HelidonContainerImpl.doStart(HelidonContainerImpl.java:335)
	at io.helidon.common.context.Contexts.runInContext(Contexts.java:137)
	at io.helidon.microprofile.cdi.HelidonContainerImpl.start(HelidonContainerImpl.java:245)
	at io.helidon.microprofile.server.ServerImpl.start(ServerImpl.java:85)
	at dk.eaaa.Main.main(Main.java:15)
Caused by: java.util.concurrent.ExecutionException: java.lang.IllegalStateException: WebServer was unable to start.
	at java.base/java.util.concurrent.CompletableFuture.reportGet(CompletableFuture.java:395)
	at java.base/java.util.concurrent.CompletableFuture.get(CompletableFuture.java:1999)
	at io.helidon.microprofile.server.ServerCdiExtension.startServer(ServerCdiExtension.java:136)
	... 20 more
Caused by: java.lang.IllegalStateException: WebServer was unable to start.
	at io.helidon.webserver.NettyWebServer.lambda$startFailureHandler$9(NettyWebServer.java:325)
	at java.base/java.util.concurrent.CompletableFuture.uniWhenComplete(CompletableFuture.java:859)
	at java.base/java.util.concurrent.CompletableFuture$UniWhenComplete.tryFire(CompletableFuture.java:837)
	at java.base/java.util.concurrent.CompletableFuture.postComplete(CompletableFuture.java:506)
	at java.base/java.util.concurrent.CompletableFuture.complete(CompletableFuture.java:2073)
	at io.helidon.webserver.NettyWebServer.lambda$shutdownThreadGroups$11(NettyWebServer.java:363)
	at io.netty.util.concurrent.DefaultPromise.notifyListener0(DefaultPromise.java:578)
	at io.netty.util.concurrent.DefaultPromise.notifyListenersNow(DefaultPromise.java:552)
	at io.netty.util.concurrent.DefaultPromise.notifyListeners(DefaultPromise.java:491)
	at io.netty.util.concurrent.DefaultPromise.setValue0(DefaultPromise.java:616)
	at io.netty.util.concurrent.DefaultPromise.setSuccess0(DefaultPromise.java:605)
	at io.netty.util.concurrent.DefaultPromise.setSuccess(DefaultPromise.java:96)
	at io.netty.util.concurrent.MultithreadEventExecutorGroup$1.operationComplete(MultithreadEventExecutorGroup.java:117)
	at io.netty.util.concurrent.DefaultPromise.notifyListener0(DefaultPromise.java:578)
	at io.netty.util.concurrent.DefaultPromise.notifyListenersNow(DefaultPromise.java:552)
	at io.netty.util.concurrent.DefaultPromise.access$200(DefaultPromise.java:35)
	at io.netty.util.concurrent.DefaultPromise$1.run(DefaultPromise.java:502)
	at io.netty.util.concurrent.GlobalEventExecutor$TaskRunner.run(GlobalEventExecutor.java:243)
	at io.netty.util.internal.ThreadExecutorMap$2.run(ThreadExecutorMap.java:74)
	at io.netty.util.concurrent.FastThreadLocalRunnable.run(FastThreadLocalRunnable.java:30)
	at java.base/java.lang.Thread.run(Thread.java:829)
Caused by: java.util.concurrent.CompletionException: java.lang.IllegalStateException: Channel startup failed: @default, failed to listen on 0.0.0.0/0.0.0.0:8099
	at java.base/java.util.concurrent.CompletableFuture.encodeThrowable(CompletableFuture.java:331)
	at java.base/java.util.concurrent.CompletableFuture.completeThrowable(CompletableFuture.java:346)
	at java.base/java.util.concurrent.CompletableFuture$UniAccept.tryFire(CompletableFuture.java:704)
	at java.base/java.util.concurrent.CompletableFuture.postComplete(CompletableFuture.java:506)
	at java.base/java.util.concurrent.CompletableFuture.completeExceptionally(CompletableFuture.java:2088)
	at io.helidon.webserver.NettyWebServer.lambda$start$7(NettyWebServer.java:250)
	at io.netty.util.concurrent.DefaultPromise.notifyListener0(DefaultPromise.java:578)
	at io.netty.util.concurrent.DefaultPromise.notifyListenersNow(DefaultPromise.java:552)
	at io.netty.util.concurrent.DefaultPromise.notifyListeners(DefaultPromise.java:491)
	at io.netty.util.concurrent.DefaultPromise.setValue0(DefaultPromise.java:616)
	at io.netty.util.concurrent.DefaultPromise.setFailure0(DefaultPromise.java:609)
	at io.netty.util.concurrent.DefaultPromise.tryFailure(DefaultPromise.java:117)
	at io.netty.channel.AbstractChannel$AbstractUnsafe.safeSetFailure(AbstractChannel.java:1009)
	at io.netty.channel.AbstractChannel$AbstractUnsafe.bind(AbstractChannel.java:552)
	at io.netty.channel.DefaultChannelPipeline$HeadContext.bind(DefaultChannelPipeline.java:1334)
	at io.netty.channel.AbstractChannelHandlerContext.invokeBind(AbstractChannelHandlerContext.java:506)
	at io.netty.channel.AbstractChannelHandlerContext.bind(AbstractChannelHandlerContext.java:491)
	at io.netty.handler.logging.LoggingHandler.bind(LoggingHandler.java:221)
	at io.netty.channel.AbstractChannelHandlerContext.invokeBind(AbstractChannelHandlerContext.java:506)
	at io.netty.channel.AbstractChannelHandlerContext.bind(AbstractChannelHandlerContext.java:491)
	at io.netty.channel.DefaultChannelPipeline.bind(DefaultChannelPipeline.java:973)
	at io.netty.channel.AbstractChannel.bind(AbstractChannel.java:248)
	at io.netty.bootstrap.AbstractBootstrap$2.run(AbstractBootstrap.java:356)
	at io.netty.util.concurrent.AbstractEventExecutor.safeExecute(AbstractEventExecutor.java:164)
	at io.netty.util.concurrent.SingleThreadEventExecutor.runAllTasks(SingleThreadEventExecutor.java:472)
	at io.netty.channel.nio.NioEventLoop.run(NioEventLoop.java:500)
	at io.netty.util.concurrent.SingleThreadEventExecutor$4.run(SingleThreadEventExecutor.java:989)
	... 3 more
Caused by: java.lang.IllegalStateException: Channel startup failed: @default, failed to listen on 0.0.0.0/0.0.0.0:8099
	at io.helidon.webserver.NettyWebServer.lambda$start$7(NettyWebServer.java:251)
	... 24 more
Caused by: java.net.BindException: Address already in use: bind
	at java.base/sun.nio.ch.Net.bind0(Native Method)
	at java.base/sun.nio.ch.Net.bind(Net.java:455)
	at java.base/sun.nio.ch.Net.bind(Net.java:447)
	at java.base/sun.nio.ch.ServerSocketChannelImpl.bind(ServerSocketChannelImpl.java:227)
	at io.netty.channel.socket.nio.NioServerSocketChannel.doBind(NioServerSocketChannel.java:134)
	at io.netty.channel.AbstractChannel$AbstractUnsafe.bind(AbstractChannel.java:550)
	... 16 more
Listening for transport dt_socket at address: 10099
maj 25, 2021 3:09:20 PM io.helidon.common.LogConfig doConfigureLogging
INFO: Logging at initialization configured using defaults
maj 25, 2021 3:09:20 PM org.jboss.weld.bootstrap.WeldStartup <clinit>
INFO: WELD-000900: 3.1.4 (Final)
maj 25, 2021 3:09:21 PM org.jboss.weld.environment.deployment.discovery.DiscoveryStrategyFactory create
INFO: WELD-ENV-000020: Using jandex for bean discovery
maj 25, 2021 3:09:22 PM org.jboss.weld.event.ExtensionObserverMethodImpl checkRequiredTypeAnnotations
INFO: WELD-000411: Observer method [BackedAnnotatedMethod] public org.glassfish.jersey.ext.cdi1x.internal.ProcessAllAnnotatedTypes.processAnnotatedType(@Observes ProcessAnnotatedType<?>, BeanManager) receives events for all annotated types. Consider restricting events using @WithAnnotations or a generic type with bounds.
maj 25, 2021 3:09:22 PM org.jboss.weld.event.ExtensionObserverMethodImpl checkRequiredTypeAnnotations
INFO: WELD-000411: Observer method [BackedAnnotatedMethod] private io.helidon.microprofile.openapi.OpenApiCdiExtension.processAnnotatedType(@Observes ProcessAnnotatedType<X>) receives events for all annotated types. Consider restricting events using @WithAnnotations or a generic type with bounds.
maj 25, 2021 3:09:23 PM io.helidon.tracing.tracerresolver.TracerResolverBuilder build
INFO: TracerResolver not configured, tracing is disabled
maj 25, 2021 3:09:23 PM io.helidon.microprofile.tracing.TracingCdiExtension prepareTracer
WARNING: helidon-microprofile-tracing is on the classpath, yet there is no tracer implementation library. Tracing uses a no-op tracer. As a result, no tracing will be configured for WebServer and JAX-RS
maj 25, 2021 3:09:23 PM io.helidon.microprofile.security.SecurityCdiExtension registerSecurity
INFO: Authentication provider is missing from security configuration, but security extension for microprofile is enabled (requires providers configuration at key security.providers). Security will not have any valid authentication provider
maj 25, 2021 3:09:23 PM io.helidon.microprofile.security.SecurityCdiExtension registerSecurity
INFO: Authorization provider is missing from security configuration, but security extension for microprofile is enabled (requires providers configuration at key security.providers). ABAC provider is configured for authorization.
maj 25, 2021 3:09:24 PM org.hibernate.jpa.internal.util.LogHelper logPersistenceUnitInformation
INFO: HHH000204: Processing PersistenceUnitInfo [name: demo]
maj 25, 2021 3:09:24 PM org.hibernate.Version logVersion
INFO: HHH000412: Hibernate ORM core version 5.4.18.Final
maj 25, 2021 3:09:24 PM org.hibernate.annotations.common.reflection.java.JavaReflectionManager <clinit>
INFO: HCANN000001: Hibernate Commons Annotations {5.1.0.Final}
maj 25, 2021 3:09:24 PM com.zaxxer.hikari.HikariDataSource <init>
INFO: HikariPool-1 - Starting...
maj 25, 2021 3:09:25 PM com.zaxxer.hikari.HikariDataSource <init>
INFO: HikariPool-1 - Start completed.
maj 25, 2021 3:09:25 PM org.hibernate.dialect.Dialect <init>
INFO: HHH000400: Using dialect: org.hibernate.dialect.SQLServerDialect
maj 25, 2021 3:09:26 PM org.hibernate.engine.transaction.jta.platform.internal.JtaPlatformInitiator initiateService
INFO: HHH000490: Using JtaPlatform implementation: [io.helidon.integrations.cdi.hibernate.CDISEJtaPlatform$Proxy$_$$_WeldClientProxy]
maj 25, 2021 3:09:26 PM io.helidon.microprofile.server.ServerCdiExtension addApplication
INFO: Registering JAX-RS Application: Quiz_OP
maj 25, 2021 3:09:26 PM org.glassfish.jersey.internal.Errors logErrors
WARNING: The following warnings have been detected: WARNING: The (sub)resource method createAdvertisement in dk.eaaa.resource.UserResource contains empty path annotation.
WARNING: The (sub)resource method createAdvertisement in dk.eaaa.resource.AdvertisementResource contains empty path annotation.

maj 25, 2021 3:09:27 PM io.helidon.webserver.NettyWebServer lambda$start$7
INFO: Channel '@default' started: [id: 0x15ed1922, L:/0:0:0:0:0:0:0:0:8099]
maj 25, 2021 3:09:27 PM io.helidon.microprofile.server.ServerCdiExtension startServer
INFO: Server started on http://localhost:8099 (and all other host addresses) in 7150 milliseconds (since JVM startup).
maj 25, 2021 3:09:27 PM io.helidon.common.HelidonFeatures features
INFO: Helidon MP 2.1.0 features: [CDI, Config, Fault Tolerance, Health, JAX-RS, JPA, JTA, Metrics, Open API, Security, Server, Tracing]
maj 25, 2021 3:10:30 PM io.helidon.microprofile.server.JaxRsCdiExtension$2 toResponse
WARNING: Internal server error
java.lang.IllegalArgumentException: Invalid UUID string: 
	at java.base/java.util.UUID.fromString(UUID.java:215)
	at dk.eaaa.domain.Id.<init>(Id.java:14)
	at dk.eaaa.resource.Mapper.fromCreateUser(Mapper.java:78)
	at dk.eaaa.resource.UserResource.createAdvertisement(UserResource.java:39)
	at dk.eaaa.resource.UserResource$Proxy$_$$_WeldSubclass.createAdvertisement$$super(Unknown Source)
	at java.base/jdk.internal.reflect.NativeMethodAccessorImpl.invoke0(Native Method)
	at java.base/jdk.internal.reflect.NativeMethodAccessorImpl.invoke(NativeMethodAccessorImpl.java:62)
	at java.base/jdk.internal.reflect.DelegatingMethodAccessorImpl.invoke(DelegatingMethodAccessorImpl.java:43)
	at java.base/java.lang.reflect.Method.invoke(Method.java:566)
	at org.jboss.weld.interceptor.proxy.TerminalAroundInvokeInvocationContext.proceedInternal(TerminalAroundInvokeInvocationContext.java:51)
	at org.jboss.weld.interceptor.proxy.AroundInvokeInvocationContext.proceed(AroundInvokeInvocationContext.java:78)
	at io.helidon.microprofile.metrics.InterceptorSyntheticSimplyTimed.interceptRestEndpoint(InterceptorSyntheticSimplyTimed.java:64)
	at java.base/jdk.internal.reflect.NativeMethodAccessorImpl.invoke0(Native Method)
	at java.base/jdk.internal.reflect.NativeMethodAccessorImpl.invoke(NativeMethodAccessorImpl.java:62)
	at java.base/jdk.internal.reflect.DelegatingMethodAccessorImpl.invoke(DelegatingMethodAccessorImpl.java:43)
	at java.base/java.lang.reflect.Method.invoke(Method.java:566)
	at org.jboss.weld.interceptor.reader.SimpleInterceptorInvocation$SimpleMethodInvocation.invoke(SimpleInterceptorInvocation.java:73)
	at org.jboss.weld.interceptor.proxy.InterceptorMethodHandler.executeAroundInvoke(InterceptorMethodHandler.java:84)
	at org.jboss.weld.interceptor.proxy.InterceptorMethodHandler.executeInterception(InterceptorMethodHandler.java:72)
	at org.jboss.weld.interceptor.proxy.InterceptorMethodHandler.invoke(InterceptorMethodHandler.java:56)
	at org.jboss.weld.bean.proxy.CombinedInterceptorAndDecoratorStackMethodHandler.invoke(CombinedInterceptorAndDecoratorStackMethodHandler.java:79)
	at org.jboss.weld.bean.proxy.CombinedInterceptorAndDecoratorStackMethodHandler.invoke(CombinedInterceptorAndDecoratorStackMethodHandler.java:68)
	at dk.eaaa.resource.UserResource$Proxy$_$$_WeldSubclass.createAdvertisement(Unknown Source)
	at java.base/jdk.internal.reflect.NativeMethodAccessorImpl.invoke0(Native Method)
	at java.base/jdk.internal.reflect.NativeMethodAccessorImpl.invoke(NativeMethodAccessorImpl.java:62)
	at java.base/jdk.internal.reflect.DelegatingMethodAccessorImpl.invoke(DelegatingMethodAccessorImpl.java:43)
	at java.base/java.lang.reflect.Method.invoke(Method.java:566)
	at org.glassfish.jersey.server.model.internal.ResourceMethodInvocationHandlerFactory.lambda$static$0(ResourceMethodInvocationHandlerFactory.java:52)
	at org.glassfish.jersey.server.model.internal.AbstractJavaResourceMethodDispatcher$1.run(AbstractJavaResourceMethodDispatcher.java:124)
	at org.glassfish.jersey.server.model.internal.AbstractJavaResourceMethodDispatcher.invoke(AbstractJavaResourceMethodDispatcher.java:167)
	at org.glassfish.jersey.server.model.internal.JavaResourceMethodDispatcherProvider$VoidOutInvoker.doDispatch(JavaResourceMethodDispatcherProvider.java:159)
	at org.glassfish.jersey.server.model.internal.AbstractJavaResourceMethodDispatcher.dispatch(AbstractJavaResourceMethodDispatcher.java:79)
	at org.glassfish.jersey.server.model.ResourceMethodInvoker.invoke(ResourceMethodInvoker.java:475)
	at org.glassfish.jersey.server.model.ResourceMethodInvoker.apply(ResourceMethodInvoker.java:397)
	at org.glassfish.jersey.server.model.ResourceMethodInvoker.apply(ResourceMethodInvoker.java:81)
	at org.glassfish.jersey.server.ServerRuntime$1.run(ServerRuntime.java:255)
	at org.glassfish.jersey.internal.Errors$1.call(Errors.java:248)
	at org.glassfish.jersey.internal.Errors$1.call(Errors.java:244)
	at org.glassfish.jersey.internal.Errors.process(Errors.java:292)
	at org.glassfish.jersey.internal.Errors.process(Errors.java:274)
	at org.glassfish.jersey.internal.Errors.process(Errors.java:244)
	at org.glassfish.jersey.process.internal.RequestScope.runInScope(RequestScope.java:265)
	at org.glassfish.jersey.server.ServerRuntime.process(ServerRuntime.java:234)
	at org.glassfish.jersey.server.ApplicationHandler.handle(ApplicationHandler.java:680)
	at io.helidon.webserver.jersey.JerseySupport$JerseyHandler.lambda$doAccept$3(JerseySupport.java:293)
	at io.helidon.common.context.Contexts.runInContext(Contexts.java:117)
	at io.helidon.common.context.ContextAwareExecutorImpl.lambda$wrap$5(ContextAwareExecutorImpl.java:154)
	at java.base/java.util.concurrent.ThreadPoolExecutor.runWorker(ThreadPoolExecutor.java:1128)
	at java.base/java.util.concurrent.ThreadPoolExecutor$Worker.run(ThreadPoolExecutor.java:628)
	at java.base/java.lang.Thread.run(Thread.java:829)

Listening for transport dt_socket at address: 10099
maj 25, 2021 3:12:14 PM io.helidon.common.LogConfig doConfigureLogging
INFO: Logging at initialization configured using defaults
maj 25, 2021 3:12:14 PM org.jboss.weld.bootstrap.WeldStartup <clinit>
INFO: WELD-000900: 3.1.4 (Final)
maj 25, 2021 3:12:15 PM org.jboss.weld.environment.deployment.discovery.DiscoveryStrategyFactory create
INFO: WELD-ENV-000020: Using jandex for bean discovery
maj 25, 2021 3:12:16 PM org.jboss.weld.event.ExtensionObserverMethodImpl checkRequiredTypeAnnotations
INFO: WELD-000411: Observer method [BackedAnnotatedMethod] public org.glassfish.jersey.ext.cdi1x.internal.ProcessAllAnnotatedTypes.processAnnotatedType(@Observes ProcessAnnotatedType<?>, BeanManager) receives events for all annotated types. Consider restricting events using @WithAnnotations or a generic type with bounds.
maj 25, 2021 3:12:16 PM org.jboss.weld.event.ExtensionObserverMethodImpl checkRequiredTypeAnnotations
INFO: WELD-000411: Observer method [BackedAnnotatedMethod] private io.helidon.microprofile.openapi.OpenApiCdiExtension.processAnnotatedType(@Observes ProcessAnnotatedType<X>) receives events for all annotated types. Consider restricting events using @WithAnnotations or a generic type with bounds.
maj 25, 2021 3:12:17 PM io.helidon.tracing.tracerresolver.TracerResolverBuilder build
INFO: TracerResolver not configured, tracing is disabled
maj 25, 2021 3:12:17 PM io.helidon.microprofile.tracing.TracingCdiExtension prepareTracer
WARNING: helidon-microprofile-tracing is on the classpath, yet there is no tracer implementation library. Tracing uses a no-op tracer. As a result, no tracing will be configured for WebServer and JAX-RS
maj 25, 2021 3:12:17 PM io.helidon.microprofile.security.SecurityCdiExtension registerSecurity
INFO: Authentication provider is missing from security configuration, but security extension for microprofile is enabled (requires providers configuration at key security.providers). Security will not have any valid authentication provider
maj 25, 2021 3:12:17 PM io.helidon.microprofile.security.SecurityCdiExtension registerSecurity
INFO: Authorization provider is missing from security configuration, but security extension for microprofile is enabled (requires providers configuration at key security.providers). ABAC provider is configured for authorization.
maj 25, 2021 3:12:18 PM org.hibernate.jpa.internal.util.LogHelper logPersistenceUnitInformation
INFO: HHH000204: Processing PersistenceUnitInfo [name: demo]
maj 25, 2021 3:12:18 PM org.hibernate.Version logVersion
INFO: HHH000412: Hibernate ORM core version 5.4.18.Final
maj 25, 2021 3:12:19 PM org.hibernate.annotations.common.reflection.java.JavaReflectionManager <clinit>
INFO: HCANN000001: Hibernate Commons Annotations {5.1.0.Final}
maj 25, 2021 3:12:19 PM com.zaxxer.hikari.HikariDataSource <init>
INFO: HikariPool-1 - Starting...
maj 25, 2021 3:12:19 PM com.zaxxer.hikari.HikariDataSource <init>
INFO: HikariPool-1 - Start completed.
maj 25, 2021 3:12:19 PM org.hibernate.dialect.Dialect <init>
INFO: HHH000400: Using dialect: org.hibernate.dialect.SQLServerDialect
maj 25, 2021 3:12:21 PM org.hibernate.engine.transaction.jta.platform.internal.JtaPlatformInitiator initiateService
INFO: HHH000490: Using JtaPlatform implementation: [io.helidon.integrations.cdi.hibernate.CDISEJtaPlatform$Proxy$_$$_WeldClientProxy]
maj 25, 2021 3:12:21 PM io.helidon.microprofile.server.ServerCdiExtension addApplication
INFO: Registering JAX-RS Application: Quiz_OP
maj 25, 2021 3:12:22 PM org.glassfish.jersey.internal.Errors logErrors
WARNING: The following warnings have been detected: WARNING: The (sub)resource method createAdvertisement in dk.eaaa.resource.UserResource contains empty path annotation.
WARNING: The (sub)resource method createAdvertisement in dk.eaaa.resource.AdvertisementResource contains empty path annotation.

maj 25, 2021 3:12:22 PM io.helidon.webserver.NettyWebServer lambda$start$7
INFO: Channel '@default' started: [id: 0x6f272f6d, L:/0:0:0:0:0:0:0:0:8099]
maj 25, 2021 3:12:22 PM io.helidon.microprofile.server.ServerCdiExtension startServer
INFO: Server started on http://localhost:8099 (and all other host addresses) in 8526 milliseconds (since JVM startup).
maj 25, 2021 3:12:22 PM io.helidon.common.HelidonFeatures features
INFO: Helidon MP 2.1.0 features: [CDI, Config, Fault Tolerance, Health, JAX-RS, JPA, JTA, Metrics, Open API, Security, Server, Tracing]
Listening for transport dt_socket at address: 10099
maj 25, 2021 3:12:43 PM io.helidon.common.LogConfig doConfigureLogging
INFO: Logging at initialization configured using defaults
maj 25, 2021 3:12:44 PM org.jboss.weld.bootstrap.WeldStartup <clinit>
INFO: WELD-000900: 3.1.4 (Final)
maj 25, 2021 3:12:45 PM org.jboss.weld.environment.deployment.discovery.DiscoveryStrategyFactory create
INFO: WELD-ENV-000020: Using jandex for bean discovery
maj 25, 2021 3:12:45 PM org.jboss.weld.event.ExtensionObserverMethodImpl checkRequiredTypeAnnotations
INFO: WELD-000411: Observer method [BackedAnnotatedMethod] public org.glassfish.jersey.ext.cdi1x.internal.ProcessAllAnnotatedTypes.processAnnotatedType(@Observes ProcessAnnotatedType<?>, BeanManager) receives events for all annotated types. Consider restricting events using @WithAnnotations or a generic type with bounds.
maj 25, 2021 3:12:45 PM org.jboss.weld.event.ExtensionObserverMethodImpl checkRequiredTypeAnnotations
INFO: WELD-000411: Observer method [BackedAnnotatedMethod] private io.helidon.microprofile.openapi.OpenApiCdiExtension.processAnnotatedType(@Observes ProcessAnnotatedType<X>) receives events for all annotated types. Consider restricting events using @WithAnnotations or a generic type with bounds.
maj 25, 2021 3:12:46 PM io.helidon.tracing.tracerresolver.TracerResolverBuilder build
INFO: TracerResolver not configured, tracing is disabled
maj 25, 2021 3:12:46 PM io.helidon.microprofile.tracing.TracingCdiExtension prepareTracer
WARNING: helidon-microprofile-tracing is on the classpath, yet there is no tracer implementation library. Tracing uses a no-op tracer. As a result, no tracing will be configured for WebServer and JAX-RS
maj 25, 2021 3:12:46 PM io.helidon.microprofile.security.SecurityCdiExtension registerSecurity
INFO: Authentication provider is missing from security configuration, but security extension for microprofile is enabled (requires providers configuration at key security.providers). Security will not have any valid authentication provider
maj 25, 2021 3:12:46 PM io.helidon.microprofile.security.SecurityCdiExtension registerSecurity
INFO: Authorization provider is missing from security configuration, but security extension for microprofile is enabled (requires providers configuration at key security.providers). ABAC provider is configured for authorization.
maj 25, 2021 3:12:47 PM org.hibernate.jpa.internal.util.LogHelper logPersistenceUnitInformation
INFO: HHH000204: Processing PersistenceUnitInfo [name: demo]
maj 25, 2021 3:12:47 PM org.hibernate.Version logVersion
INFO: HHH000412: Hibernate ORM core version 5.4.18.Final
maj 25, 2021 3:12:47 PM org.hibernate.annotations.common.reflection.java.JavaReflectionManager <clinit>
INFO: HCANN000001: Hibernate Commons Annotations {5.1.0.Final}
maj 25, 2021 3:12:47 PM com.zaxxer.hikari.HikariDataSource <init>
INFO: HikariPool-1 - Starting...
maj 25, 2021 3:12:48 PM com.zaxxer.hikari.HikariDataSource <init>
INFO: HikariPool-1 - Start completed.
maj 25, 2021 3:12:48 PM org.hibernate.dialect.Dialect <init>
INFO: HHH000400: Using dialect: org.hibernate.dialect.SQLServerDialect
maj 25, 2021 3:12:49 PM org.hibernate.engine.transaction.jta.platform.internal.JtaPlatformInitiator initiateService
INFO: HHH000490: Using JtaPlatform implementation: [io.helidon.integrations.cdi.hibernate.CDISEJtaPlatform$Proxy$_$$_WeldClientProxy]
maj 25, 2021 3:12:49 PM io.helidon.microprofile.server.ServerCdiExtension addApplication
INFO: Registering JAX-RS Application: Quiz_OP
maj 25, 2021 3:12:50 PM org.glassfish.jersey.internal.Errors logErrors
WARNING: The following warnings have been detected: WARNING: The (sub)resource method createAdvertisement in dk.eaaa.resource.UserResource contains empty path annotation.
WARNING: The (sub)resource method createAdvertisement in dk.eaaa.resource.AdvertisementResource contains empty path annotation.

maj 25, 2021 3:12:51 PM io.helidon.webserver.NettyWebServer lambda$start$7
INFO: Channel '@default' started: [id: 0xe700854b, L:/0:0:0:0:0:0:0:0:8099]
maj 25, 2021 3:12:51 PM io.helidon.microprofile.server.ServerCdiExtension startServer
INFO: Server started on http://localhost:8099 (and all other host addresses) in 7603 milliseconds (since JVM startup).
maj 25, 2021 3:12:51 PM io.helidon.common.HelidonFeatures features
INFO: Helidon MP 2.1.0 features: [CDI, Config, Fault Tolerance, Health, JAX-RS, JPA, JTA, Metrics, Open API, Security, Server, Tracing]
maj 25, 2021 3:13:00 PM io.helidon.microprofile.server.JaxRsCdiExtension$2 toResponse
WARNING: Internal server error
java.lang.IllegalArgumentException: Invalid UUID string: test
	at java.base/java.util.UUID.fromString(UUID.java:215)
	at dk.eaaa.domain.Id.<init>(Id.java:14)
	at dk.eaaa.resource.Mapper.fromCreateUser(Mapper.java:78)
	at dk.eaaa.resource.UserResource.createAdvertisement(UserResource.java:39)
	at dk.eaaa.resource.UserResource$Proxy$_$$_WeldSubclass.createAdvertisement$$super(Unknown Source)
	at java.base/jdk.internal.reflect.NativeMethodAccessorImpl.invoke0(Native Method)
	at java.base/jdk.internal.reflect.NativeMethodAccessorImpl.invoke(NativeMethodAccessorImpl.java:62)
	at java.base/jdk.internal.reflect.DelegatingMethodAccessorImpl.invoke(DelegatingMethodAccessorImpl.java:43)
	at java.base/java.lang.reflect.Method.invoke(Method.java:566)
	at org.jboss.weld.interceptor.proxy.TerminalAroundInvokeInvocationContext.proceedInternal(TerminalAroundInvokeInvocationContext.java:51)
	at org.jboss.weld.interceptor.proxy.AroundInvokeInvocationContext.proceed(AroundInvokeInvocationContext.java:78)
	at io.helidon.microprofile.metrics.InterceptorSyntheticSimplyTimed.interceptRestEndpoint(InterceptorSyntheticSimplyTimed.java:64)
	at java.base/jdk.internal.reflect.NativeMethodAccessorImpl.invoke0(Native Method)
	at java.base/jdk.internal.reflect.NativeMethodAccessorImpl.invoke(NativeMethodAccessorImpl.java:62)
	at java.base/jdk.internal.reflect.DelegatingMethodAccessorImpl.invoke(DelegatingMethodAccessorImpl.java:43)
	at java.base/java.lang.reflect.Method.invoke(Method.java:566)
	at org.jboss.weld.interceptor.reader.SimpleInterceptorInvocation$SimpleMethodInvocation.invoke(SimpleInterceptorInvocation.java:73)
	at org.jboss.weld.interceptor.proxy.InterceptorMethodHandler.executeAroundInvoke(InterceptorMethodHandler.java:84)
	at org.jboss.weld.interceptor.proxy.InterceptorMethodHandler.executeInterception(InterceptorMethodHandler.java:72)
	at org.jboss.weld.interceptor.proxy.InterceptorMethodHandler.invoke(InterceptorMethodHandler.java:56)
	at org.jboss.weld.bean.proxy.CombinedInterceptorAndDecoratorStackMethodHandler.invoke(CombinedInterceptorAndDecoratorStackMethodHandler.java:79)
	at org.jboss.weld.bean.proxy.CombinedInterceptorAndDecoratorStackMethodHandler.invoke(CombinedInterceptorAndDecoratorStackMethodHandler.java:68)
	at dk.eaaa.resource.UserResource$Proxy$_$$_WeldSubclass.createAdvertisement(Unknown Source)
	at java.base/jdk.internal.reflect.NativeMethodAccessorImpl.invoke0(Native Method)
	at java.base/jdk.internal.reflect.NativeMethodAccessorImpl.invoke(NativeMethodAccessorImpl.java:62)
	at java.base/jdk.internal.reflect.DelegatingMethodAccessorImpl.invoke(DelegatingMethodAccessorImpl.java:43)
	at java.base/java.lang.reflect.Method.invoke(Method.java:566)
	at org.glassfish.jersey.server.model.internal.ResourceMethodInvocationHandlerFactory.lambda$static$0(ResourceMethodInvocationHandlerFactory.java:52)
	at org.glassfish.jersey.server.model.internal.AbstractJavaResourceMethodDispatcher$1.run(AbstractJavaResourceMethodDispatcher.java:124)
	at org.glassfish.jersey.server.model.internal.AbstractJavaResourceMethodDispatcher.invoke(AbstractJavaResourceMethodDispatcher.java:167)
	at org.glassfish.jersey.server.model.internal.JavaResourceMethodDispatcherProvider$VoidOutInvoker.doDispatch(JavaResourceMethodDispatcherProvider.java:159)
	at org.glassfish.jersey.server.model.internal.AbstractJavaResourceMethodDispatcher.dispatch(AbstractJavaResourceMethodDispatcher.java:79)
	at org.glassfish.jersey.server.model.ResourceMethodInvoker.invoke(ResourceMethodInvoker.java:475)
	at org.glassfish.jersey.server.model.ResourceMethodInvoker.apply(ResourceMethodInvoker.java:397)
	at org.glassfish.jersey.server.model.ResourceMethodInvoker.apply(ResourceMethodInvoker.java:81)
	at org.glassfish.jersey.server.ServerRuntime$1.run(ServerRuntime.java:255)
	at org.glassfish.jersey.internal.Errors$1.call(Errors.java:248)
	at org.glassfish.jersey.internal.Errors$1.call(Errors.java:244)
	at org.glassfish.jersey.internal.Errors.process(Errors.java:292)
	at org.glassfish.jersey.internal.Errors.process(Errors.java:274)
	at org.glassfish.jersey.internal.Errors.process(Errors.java:244)
	at org.glassfish.jersey.process.internal.RequestScope.runInScope(RequestScope.java:265)
	at org.glassfish.jersey.server.ServerRuntime.process(ServerRuntime.java:234)
	at org.glassfish.jersey.server.ApplicationHandler.handle(ApplicationHandler.java:680)
	at io.helidon.webserver.jersey.JerseySupport$JerseyHandler.lambda$doAccept$3(JerseySupport.java:293)
	at io.helidon.common.context.Contexts.runInContext(Contexts.java:117)
	at io.helidon.common.context.ContextAwareExecutorImpl.lambda$wrap$5(ContextAwareExecutorImpl.java:154)
	at java.base/java.util.concurrent.ThreadPoolExecutor.runWorker(ThreadPoolExecutor.java:1128)
	at java.base/java.util.concurrent.ThreadPoolExecutor$Worker.run(ThreadPoolExecutor.java:628)
	at java.base/java.lang.Thread.run(Thread.java:829)

Listening for transport dt_socket at address: 10099
maj 25, 2021 3:17:46 PM io.helidon.common.LogConfig doConfigureLogging
INFO: Logging at initialization configured using defaults
maj 25, 2021 3:17:46 PM org.jboss.weld.bootstrap.WeldStartup <clinit>
INFO: WELD-000900: 3.1.4 (Final)
maj 25, 2021 3:17:47 PM org.jboss.weld.environment.deployment.discovery.DiscoveryStrategyFactory create
INFO: WELD-ENV-000020: Using jandex for bean discovery
maj 25, 2021 3:17:47 PM org.jboss.weld.event.ExtensionObserverMethodImpl checkRequiredTypeAnnotations
INFO: WELD-000411: Observer method [BackedAnnotatedMethod] public org.glassfish.jersey.ext.cdi1x.internal.ProcessAllAnnotatedTypes.processAnnotatedType(@Observes ProcessAnnotatedType<?>, BeanManager) receives events for all annotated types. Consider restricting events using @WithAnnotations or a generic type with bounds.
maj 25, 2021 3:17:47 PM org.jboss.weld.event.ExtensionObserverMethodImpl checkRequiredTypeAnnotations
INFO: WELD-000411: Observer method [BackedAnnotatedMethod] private io.helidon.microprofile.openapi.OpenApiCdiExtension.processAnnotatedType(@Observes ProcessAnnotatedType<X>) receives events for all annotated types. Consider restricting events using @WithAnnotations or a generic type with bounds.
maj 25, 2021 3:17:49 PM io.helidon.tracing.tracerresolver.TracerResolverBuilder build
INFO: TracerResolver not configured, tracing is disabled
maj 25, 2021 3:17:49 PM io.helidon.microprofile.tracing.TracingCdiExtension prepareTracer
WARNING: helidon-microprofile-tracing is on the classpath, yet there is no tracer implementation library. Tracing uses a no-op tracer. As a result, no tracing will be configured for WebServer and JAX-RS
maj 25, 2021 3:17:49 PM io.helidon.microprofile.security.SecurityCdiExtension registerSecurity
INFO: Authentication provider is missing from security configuration, but security extension for microprofile is enabled (requires providers configuration at key security.providers). Security will not have any valid authentication provider
maj 25, 2021 3:17:49 PM io.helidon.microprofile.security.SecurityCdiExtension registerSecurity
INFO: Authorization provider is missing from security configuration, but security extension for microprofile is enabled (requires providers configuration at key security.providers). ABAC provider is configured for authorization.
maj 25, 2021 3:17:49 PM org.hibernate.jpa.internal.util.LogHelper logPersistenceUnitInformation
INFO: HHH000204: Processing PersistenceUnitInfo [name: demo]
maj 25, 2021 3:17:49 PM org.hibernate.Version logVersion
INFO: HHH000412: Hibernate ORM core version 5.4.18.Final
maj 25, 2021 3:17:50 PM org.hibernate.annotations.common.reflection.java.JavaReflectionManager <clinit>
INFO: HCANN000001: Hibernate Commons Annotations {5.1.0.Final}
maj 25, 2021 3:17:50 PM com.zaxxer.hikari.HikariDataSource <init>
INFO: HikariPool-1 - Starting...
maj 25, 2021 3:17:50 PM com.zaxxer.hikari.HikariDataSource <init>
INFO: HikariPool-1 - Start completed.
maj 25, 2021 3:17:50 PM org.hibernate.dialect.Dialect <init>
INFO: HHH000400: Using dialect: org.hibernate.dialect.SQLServerDialect
maj 25, 2021 3:17:52 PM org.hibernate.engine.transaction.jta.platform.internal.JtaPlatformInitiator initiateService
INFO: HHH000490: Using JtaPlatform implementation: [io.helidon.integrations.cdi.hibernate.CDISEJtaPlatform$Proxy$_$$_WeldClientProxy]
maj 25, 2021 3:17:52 PM io.helidon.microprofile.server.ServerCdiExtension addApplication
INFO: Registering JAX-RS Application: Quiz_OP
maj 25, 2021 3:17:53 PM org.glassfish.jersey.internal.Errors logErrors
WARNING: The following warnings have been detected: WARNING: The (sub)resource method createAdvertisement in dk.eaaa.resource.UserResource contains empty path annotation.
WARNING: The (sub)resource method createAdvertisement in dk.eaaa.resource.AdvertisementResource contains empty path annotation.

maj 25, 2021 3:17:53 PM io.helidon.webserver.NettyWebServer lambda$start$7
INFO: Channel '@default' started: [id: 0x7a8a2af2, L:/0:0:0:0:0:0:0:0:8099]
maj 25, 2021 3:17:53 PM io.helidon.microprofile.server.ServerCdiExtension startServer
INFO: Server started on http://localhost:8099 (and all other host addresses) in 8195 milliseconds (since JVM startup).
maj 25, 2021 3:17:53 PM io.helidon.common.HelidonFeatures features
INFO: Helidon MP 2.1.0 features: [CDI, Config, Fault Tolerance, Health, JAX-RS, JPA, JTA, Metrics, Open API, Security, Server, Tracing]
maj 25, 2021 3:17:58 PM io.helidon.microprofile.server.JaxRsCdiExtension$2 toResponse
WARNING: Internal server error
javax.persistence.TransactionRequiredException
	at io.helidon.integrations.cdi.jpa.NonTransactionalEntityManager.persist(NonTransactionalEntityManager.java:234)
	at io.helidon.integrations.cdi.jpa.NonTransactionalEntityManager$Proxy$_$$_WeldClientProxy.persist(Unknown Source)
	at io.helidon.integrations.cdi.jpa.DelegatingEntityManager.persist(DelegatingEntityManager.java:168)
	at io.helidon.integrations.cdi.jpa.JpaTransactionScopedEntityManager.persist(JpaTransactionScopedEntityManager.java:343)
	at dk.eaaa.repository.Repository.CreateUser(Repository.java:37)
	at dk.eaaa.service.response.UserService.createUser(UserService.java:22)
	at dk.eaaa.resource.UserResource.createAdvertisement(UserResource.java:39)
	at dk.eaaa.resource.UserResource$Proxy$_$$_WeldSubclass.createAdvertisement$$super(Unknown Source)
	at java.base/jdk.internal.reflect.NativeMethodAccessorImpl.invoke0(Native Method)
	at java.base/jdk.internal.reflect.NativeMethodAccessorImpl.invoke(NativeMethodAccessorImpl.java:62)
	at java.base/jdk.internal.reflect.DelegatingMethodAccessorImpl.invoke(DelegatingMethodAccessorImpl.java:43)
	at java.base/java.lang.reflect.Method.invoke(Method.java:566)
	at org.jboss.weld.interceptor.proxy.TerminalAroundInvokeInvocationContext.proceedInternal(TerminalAroundInvokeInvocationContext.java:51)
	at org.jboss.weld.interceptor.proxy.AroundInvokeInvocationContext.proceed(AroundInvokeInvocationContext.java:78)
	at io.helidon.microprofile.metrics.InterceptorSyntheticSimplyTimed.interceptRestEndpoint(InterceptorSyntheticSimplyTimed.java:64)
	at java.base/jdk.internal.reflect.NativeMethodAccessorImpl.invoke0(Native Method)
	at java.base/jdk.internal.reflect.NativeMethodAccessorImpl.invoke(NativeMethodAccessorImpl.java:62)
	at java.base/jdk.internal.reflect.DelegatingMethodAccessorImpl.invoke(DelegatingMethodAccessorImpl.java:43)
	at java.base/java.lang.reflect.Method.invoke(Method.java:566)
	at org.jboss.weld.interceptor.reader.SimpleInterceptorInvocation$SimpleMethodInvocation.invoke(SimpleInterceptorInvocation.java:73)
	at org.jboss.weld.interceptor.proxy.InterceptorMethodHandler.executeAroundInvoke(InterceptorMethodHandler.java:84)
	at org.jboss.weld.interceptor.proxy.InterceptorMethodHandler.executeInterception(InterceptorMethodHandler.java:72)
	at org.jboss.weld.interceptor.proxy.InterceptorMethodHandler.invoke(InterceptorMethodHandler.java:56)
	at org.jboss.weld.bean.proxy.CombinedInterceptorAndDecoratorStackMethodHandler.invoke(CombinedInterceptorAndDecoratorStackMethodHandler.java:79)
	at org.jboss.weld.bean.proxy.CombinedInterceptorAndDecoratorStackMethodHandler.invoke(CombinedInterceptorAndDecoratorStackMethodHandler.java:68)
	at dk.eaaa.resource.UserResource$Proxy$_$$_WeldSubclass.createAdvertisement(Unknown Source)
	at java.base/jdk.internal.reflect.NativeMethodAccessorImpl.invoke0(Native Method)
	at java.base/jdk.internal.reflect.NativeMethodAccessorImpl.invoke(NativeMethodAccessorImpl.java:62)
	at java.base/jdk.internal.reflect.DelegatingMethodAccessorImpl.invoke(DelegatingMethodAccessorImpl.java:43)
	at java.base/java.lang.reflect.Method.invoke(Method.java:566)
	at org.glassfish.jersey.server.model.internal.ResourceMethodInvocationHandlerFactory.lambda$static$0(ResourceMethodInvocationHandlerFactory.java:52)
	at org.glassfish.jersey.server.model.internal.AbstractJavaResourceMethodDispatcher$1.run(AbstractJavaResourceMethodDispatcher.java:124)
	at org.glassfish.jersey.server.model.internal.AbstractJavaResourceMethodDispatcher.invoke(AbstractJavaResourceMethodDispatcher.java:167)
	at org.glassfish.jersey.server.model.internal.JavaResourceMethodDispatcherProvider$VoidOutInvoker.doDispatch(JavaResourceMethodDispatcherProvider.java:159)
	at org.glassfish.jersey.server.model.internal.AbstractJavaResourceMethodDispatcher.dispatch(AbstractJavaResourceMethodDispatcher.java:79)
	at org.glassfish.jersey.server.model.ResourceMethodInvoker.invoke(ResourceMethodInvoker.java:475)
	at org.glassfish.jersey.server.model.ResourceMethodInvoker.apply(ResourceMethodInvoker.java:397)
	at org.glassfish.jersey.server.model.ResourceMethodInvoker.apply(ResourceMethodInvoker.java:81)
	at org.glassfish.jersey.server.ServerRuntime$1.run(ServerRuntime.java:255)
	at org.glassfish.jersey.internal.Errors$1.call(Errors.java:248)
	at org.glassfish.jersey.internal.Errors$1.call(Errors.java:244)
	at org.glassfish.jersey.internal.Errors.process(Errors.java:292)
	at org.glassfish.jersey.internal.Errors.process(Errors.java:274)
	at org.glassfish.jersey.internal.Errors.process(Errors.java:244)
	at org.glassfish.jersey.process.internal.RequestScope.runInScope(RequestScope.java:265)
	at org.glassfish.jersey.server.ServerRuntime.process(ServerRuntime.java:234)
	at org.glassfish.jersey.server.ApplicationHandler.handle(ApplicationHandler.java:680)
	at io.helidon.webserver.jersey.JerseySupport$JerseyHandler.lambda$doAccept$3(JerseySupport.java:293)
	at io.helidon.common.context.Contexts.runInContext(Contexts.java:117)
	at io.helidon.common.context.ContextAwareExecutorImpl.lambda$wrap$5(ContextAwareExecutorImpl.java:154)
	at java.base/java.util.concurrent.ThreadPoolExecutor.runWorker(ThreadPoolExecutor.java:1128)
	at java.base/java.util.concurrent.ThreadPoolExecutor$Worker.run(ThreadPoolExecutor.java:628)
	at java.base/java.lang.Thread.run(Thread.java:829)

Listening for transport dt_socket at address: 10099
maj 25, 2021 3:20:22 PM io.helidon.common.LogConfig doConfigureLogging
INFO: Logging at initialization configured using defaults
maj 25, 2021 3:20:22 PM org.jboss.weld.bootstrap.WeldStartup <clinit>
INFO: WELD-000900: 3.1.4 (Final)
maj 25, 2021 3:20:23 PM org.jboss.weld.environment.deployment.discovery.DiscoveryStrategyFactory create
INFO: WELD-ENV-000020: Using jandex for bean discovery
maj 25, 2021 3:20:24 PM org.jboss.weld.event.ExtensionObserverMethodImpl checkRequiredTypeAnnotations
INFO: WELD-000411: Observer method [BackedAnnotatedMethod] public org.glassfish.jersey.ext.cdi1x.internal.ProcessAllAnnotatedTypes.processAnnotatedType(@Observes ProcessAnnotatedType<?>, BeanManager) receives events for all annotated types. Consider restricting events using @WithAnnotations or a generic type with bounds.
maj 25, 2021 3:20:24 PM org.jboss.weld.event.ExtensionObserverMethodImpl checkRequiredTypeAnnotations
INFO: WELD-000411: Observer method [BackedAnnotatedMethod] private io.helidon.microprofile.openapi.OpenApiCdiExtension.processAnnotatedType(@Observes ProcessAnnotatedType<X>) receives events for all annotated types. Consider restricting events using @WithAnnotations or a generic type with bounds.
maj 25, 2021 3:20:25 PM io.helidon.tracing.tracerresolver.TracerResolverBuilder build
INFO: TracerResolver not configured, tracing is disabled
maj 25, 2021 3:20:25 PM io.helidon.microprofile.tracing.TracingCdiExtension prepareTracer
WARNING: helidon-microprofile-tracing is on the classpath, yet there is no tracer implementation library. Tracing uses a no-op tracer. As a result, no tracing will be configured for WebServer and JAX-RS
maj 25, 2021 3:20:25 PM io.helidon.microprofile.security.SecurityCdiExtension registerSecurity
INFO: Authentication provider is missing from security configuration, but security extension for microprofile is enabled (requires providers configuration at key security.providers). Security will not have any valid authentication provider
maj 25, 2021 3:20:25 PM io.helidon.microprofile.security.SecurityCdiExtension registerSecurity
INFO: Authorization provider is missing from security configuration, but security extension for microprofile is enabled (requires providers configuration at key security.providers). ABAC provider is configured for authorization.
maj 25, 2021 3:20:26 PM org.hibernate.jpa.internal.util.LogHelper logPersistenceUnitInformation
INFO: HHH000204: Processing PersistenceUnitInfo [name: demo]
maj 25, 2021 3:20:26 PM org.hibernate.Version logVersion
INFO: HHH000412: Hibernate ORM core version 5.4.18.Final
maj 25, 2021 3:20:26 PM org.hibernate.annotations.common.reflection.java.JavaReflectionManager <clinit>
INFO: HCANN000001: Hibernate Commons Annotations {5.1.0.Final}
maj 25, 2021 3:20:26 PM com.zaxxer.hikari.HikariDataSource <init>
INFO: HikariPool-1 - Starting...
maj 25, 2021 3:20:27 PM com.zaxxer.hikari.HikariDataSource <init>
INFO: HikariPool-1 - Start completed.
maj 25, 2021 3:20:27 PM org.hibernate.dialect.Dialect <init>
INFO: HHH000400: Using dialect: org.hibernate.dialect.SQLServerDialect
maj 25, 2021 3:20:28 PM org.hibernate.engine.transaction.jta.platform.internal.JtaPlatformInitiator initiateService
INFO: HHH000490: Using JtaPlatform implementation: [io.helidon.integrations.cdi.hibernate.CDISEJtaPlatform$Proxy$_$$_WeldClientProxy]
maj 25, 2021 3:20:29 PM io.helidon.microprofile.server.ServerCdiExtension addApplication
INFO: Registering JAX-RS Application: Quiz_OP
maj 25, 2021 3:20:30 PM org.glassfish.jersey.internal.Errors logErrors
WARNING: The following warnings have been detected: WARNING: The (sub)resource method createAdvertisement in dk.eaaa.resource.UserResource contains empty path annotation.
WARNING: The (sub)resource method createAdvertisement in dk.eaaa.resource.AdvertisementResource contains empty path annotation.

maj 25, 2021 3:20:30 PM io.helidon.webserver.NettyWebServer lambda$start$7
INFO: Channel '@default' started: [id: 0xdddf5ecf, L:/0:0:0:0:0:0:0:0:8099]
maj 25, 2021 3:20:30 PM io.helidon.microprofile.server.ServerCdiExtension startServer
INFO: Server started on http://localhost:8099 (and all other host addresses) in 8471 milliseconds (since JVM startup).
maj 25, 2021 3:20:30 PM io.helidon.common.HelidonFeatures features
INFO: Helidon MP 2.1.0 features: [CDI, Config, Fault Tolerance, Health, JAX-RS, JPA, JTA, Metrics, Open API, Security, Server, Tracing]
maj 25, 2021 3:20:49 PM io.helidon.microprofile.server.JaxRsCdiExtension$2 toResponse
WARNING: Internal server error
javax.persistence.TransactionRequiredException
	at io.helidon.integrations.cdi.jpa.NonTransactionalEntityManager.persist(NonTransactionalEntityManager.java:234)
	at io.helidon.integrations.cdi.jpa.NonTransactionalEntityManager$Proxy$_$$_WeldClientProxy.persist(Unknown Source)
	at io.helidon.integrations.cdi.jpa.DelegatingEntityManager.persist(DelegatingEntityManager.java:168)
	at io.helidon.integrations.cdi.jpa.JpaTransactionScopedEntityManager.persist(JpaTransactionScopedEntityManager.java:343)
	at dk.eaaa.repository.Repository.CreateUser(Repository.java:37)
	at dk.eaaa.service.response.UserService.createUser(UserService.java:22)
	at dk.eaaa.resource.UserResource.createAdvertisement(UserResource.java:39)
	at dk.eaaa.resource.UserResource$Proxy$_$$_WeldSubclass.createAdvertisement$$super(Unknown Source)
	at java.base/jdk.internal.reflect.NativeMethodAccessorImpl.invoke0(Native Method)
	at java.base/jdk.internal.reflect.NativeMethodAccessorImpl.invoke(NativeMethodAccessorImpl.java:62)
	at java.base/jdk.internal.reflect.DelegatingMethodAccessorImpl.invoke(DelegatingMethodAccessorImpl.java:43)
	at java.base/java.lang.reflect.Method.invoke(Method.java:566)
	at org.jboss.weld.interceptor.proxy.TerminalAroundInvokeInvocationContext.proceedInternal(TerminalAroundInvokeInvocationContext.java:51)
	at org.jboss.weld.interceptor.proxy.AroundInvokeInvocationContext.proceed(AroundInvokeInvocationContext.java:78)
	at io.helidon.microprofile.metrics.InterceptorSyntheticSimplyTimed.interceptRestEndpoint(InterceptorSyntheticSimplyTimed.java:64)
	at java.base/jdk.internal.reflect.NativeMethodAccessorImpl.invoke0(Native Method)
	at java.base/jdk.internal.reflect.NativeMethodAccessorImpl.invoke(NativeMethodAccessorImpl.java:62)
	at java.base/jdk.internal.reflect.DelegatingMethodAccessorImpl.invoke(DelegatingMethodAccessorImpl.java:43)
	at java.base/java.lang.reflect.Method.invoke(Method.java:566)
	at org.jboss.weld.interceptor.reader.SimpleInterceptorInvocation$SimpleMethodInvocation.invoke(SimpleInterceptorInvocation.java:73)
	at org.jboss.weld.interceptor.proxy.InterceptorMethodHandler.executeAroundInvoke(InterceptorMethodHandler.java:84)
	at org.jboss.weld.interceptor.proxy.InterceptorMethodHandler.executeInterception(InterceptorMethodHandler.java:72)
	at org.jboss.weld.interceptor.proxy.InterceptorMethodHandler.invoke(InterceptorMethodHandler.java:56)
	at org.jboss.weld.bean.proxy.CombinedInterceptorAndDecoratorStackMethodHandler.invoke(CombinedInterceptorAndDecoratorStackMethodHandler.java:79)
	at org.jboss.weld.bean.proxy.CombinedInterceptorAndDecoratorStackMethodHandler.invoke(CombinedInterceptorAndDecoratorStackMethodHandler.java:68)
	at dk.eaaa.resource.UserResource$Proxy$_$$_WeldSubclass.createAdvertisement(Unknown Source)
	at java.base/jdk.internal.reflect.NativeMethodAccessorImpl.invoke0(Native Method)
	at java.base/jdk.internal.reflect.NativeMethodAccessorImpl.invoke(NativeMethodAccessorImpl.java:62)
	at java.base/jdk.internal.reflect.DelegatingMethodAccessorImpl.invoke(DelegatingMethodAccessorImpl.java:43)
	at java.base/java.lang.reflect.Method.invoke(Method.java:566)
	at org.glassfish.jersey.server.model.internal.ResourceMethodInvocationHandlerFactory.lambda$static$0(ResourceMethodInvocationHandlerFactory.java:52)
	at org.glassfish.jersey.server.model.internal.AbstractJavaResourceMethodDispatcher$1.run(AbstractJavaResourceMethodDispatcher.java:124)
	at org.glassfish.jersey.server.model.internal.AbstractJavaResourceMethodDispatcher.invoke(AbstractJavaResourceMethodDispatcher.java:167)
	at org.glassfish.jersey.server.model.internal.JavaResourceMethodDispatcherProvider$VoidOutInvoker.doDispatch(JavaResourceMethodDispatcherProvider.java:159)
	at org.glassfish.jersey.server.model.internal.AbstractJavaResourceMethodDispatcher.dispatch(AbstractJavaResourceMethodDispatcher.java:79)
	at org.glassfish.jersey.server.model.ResourceMethodInvoker.invoke(ResourceMethodInvoker.java:475)
	at org.glassfish.jersey.server.model.ResourceMethodInvoker.apply(ResourceMethodInvoker.java:397)
	at org.glassfish.jersey.server.model.ResourceMethodInvoker.apply(ResourceMethodInvoker.java:81)
	at org.glassfish.jersey.server.ServerRuntime$1.run(ServerRuntime.java:255)
	at org.glassfish.jersey.internal.Errors$1.call(Errors.java:248)
	at org.glassfish.jersey.internal.Errors$1.call(Errors.java:244)
	at org.glassfish.jersey.internal.Errors.process(Errors.java:292)
	at org.glassfish.jersey.internal.Errors.process(Errors.java:274)
	at org.glassfish.jersey.internal.Errors.process(Errors.java:244)
	at org.glassfish.jersey.process.internal.RequestScope.runInScope(RequestScope.java:265)
	at org.glassfish.jersey.server.ServerRuntime.process(ServerRuntime.java:234)
	at org.glassfish.jersey.server.ApplicationHandler.handle(ApplicationHandler.java:680)
	at io.helidon.webserver.jersey.JerseySupport$JerseyHandler.lambda$doAccept$3(JerseySupport.java:293)
	at io.helidon.common.context.Contexts.runInContext(Contexts.java:117)
	at io.helidon.common.context.ContextAwareExecutorImpl.lambda$wrap$5(ContextAwareExecutorImpl.java:154)
	at java.base/java.util.concurrent.ThreadPoolExecutor.runWorker(ThreadPoolExecutor.java:1128)
	at java.base/java.util.concurrent.ThreadPoolExecutor$Worker.run(ThreadPoolExecutor.java:628)
	at java.base/java.lang.Thread.run(Thread.java:829)

Listening for transport dt_socket at address: 10099
maj 25, 2021 3:23:41 PM io.helidon.common.LogConfig doConfigureLogging
INFO: Logging at initialization configured using defaults
maj 25, 2021 3:23:41 PM org.jboss.weld.bootstrap.WeldStartup <clinit>
INFO: WELD-000900: 3.1.4 (Final)
maj 25, 2021 3:23:42 PM org.jboss.weld.environment.deployment.discovery.DiscoveryStrategyFactory create
INFO: WELD-ENV-000020: Using jandex for bean discovery
maj 25, 2021 3:23:42 PM org.jboss.weld.event.ExtensionObserverMethodImpl checkRequiredTypeAnnotations
INFO: WELD-000411: Observer method [BackedAnnotatedMethod] public org.glassfish.jersey.ext.cdi1x.internal.ProcessAllAnnotatedTypes.processAnnotatedType(@Observes ProcessAnnotatedType<?>, BeanManager) receives events for all annotated types. Consider restricting events using @WithAnnotations or a generic type with bounds.
maj 25, 2021 3:23:42 PM org.jboss.weld.event.ExtensionObserverMethodImpl checkRequiredTypeAnnotations
INFO: WELD-000411: Observer method [BackedAnnotatedMethod] private io.helidon.microprofile.openapi.OpenApiCdiExtension.processAnnotatedType(@Observes ProcessAnnotatedType<X>) receives events for all annotated types. Consider restricting events using @WithAnnotations or a generic type with bounds.
maj 25, 2021 3:23:44 PM io.helidon.tracing.tracerresolver.TracerResolverBuilder build
INFO: TracerResolver not configured, tracing is disabled
maj 25, 2021 3:23:44 PM io.helidon.microprofile.tracing.TracingCdiExtension prepareTracer
WARNING: helidon-microprofile-tracing is on the classpath, yet there is no tracer implementation library. Tracing uses a no-op tracer. As a result, no tracing will be configured for WebServer and JAX-RS
maj 25, 2021 3:23:44 PM io.helidon.microprofile.security.SecurityCdiExtension registerSecurity
INFO: Authentication provider is missing from security configuration, but security extension for microprofile is enabled (requires providers configuration at key security.providers). Security will not have any valid authentication provider
maj 25, 2021 3:23:44 PM io.helidon.microprofile.security.SecurityCdiExtension registerSecurity
INFO: Authorization provider is missing from security configuration, but security extension for microprofile is enabled (requires providers configuration at key security.providers). ABAC provider is configured for authorization.
maj 25, 2021 3:23:44 PM org.hibernate.jpa.internal.util.LogHelper logPersistenceUnitInformation
INFO: HHH000204: Processing PersistenceUnitInfo [name: demo]
maj 25, 2021 3:23:44 PM org.hibernate.Version logVersion
INFO: HHH000412: Hibernate ORM core version 5.4.18.Final
maj 25, 2021 3:23:45 PM org.hibernate.annotations.common.reflection.java.JavaReflectionManager <clinit>
INFO: HCANN000001: Hibernate Commons Annotations {5.1.0.Final}
maj 25, 2021 3:23:45 PM com.zaxxer.hikari.HikariDataSource <init>
INFO: HikariPool-1 - Starting...
maj 25, 2021 3:23:46 PM com.zaxxer.hikari.HikariDataSource <init>
INFO: HikariPool-1 - Start completed.
maj 25, 2021 3:23:46 PM org.hibernate.dialect.Dialect <init>
INFO: HHH000400: Using dialect: org.hibernate.dialect.SQLServerDialect
maj 25, 2021 3:23:47 PM org.hibernate.engine.transaction.jta.platform.internal.JtaPlatformInitiator initiateService
INFO: HHH000490: Using JtaPlatform implementation: [io.helidon.integrations.cdi.hibernate.CDISEJtaPlatform$Proxy$_$$_WeldClientProxy]
maj 25, 2021 3:23:47 PM io.helidon.microprofile.server.ServerCdiExtension addApplication
INFO: Registering JAX-RS Application: Quiz_OP
maj 25, 2021 3:23:48 PM org.glassfish.jersey.internal.Errors logErrors
WARNING: The following warnings have been detected: WARNING: The (sub)resource method createUser in dk.eaaa.resource.UserResource contains empty path annotation.
WARNING: The (sub)resource method createAdvertisement in dk.eaaa.resource.AdvertisementResource contains empty path annotation.

maj 25, 2021 3:23:48 PM io.helidon.webserver.NettyWebServer lambda$start$7
INFO: Channel '@default' started: [id: 0x3384dbad, L:/0:0:0:0:0:0:0:0:8099]
maj 25, 2021 3:23:48 PM io.helidon.microprofile.server.ServerCdiExtension startServer
INFO: Server started on http://localhost:8099 (and all other host addresses) in 8188 milliseconds (since JVM startup).
maj 25, 2021 3:23:48 PM io.helidon.common.HelidonFeatures features
INFO: Helidon MP 2.1.0 features: [CDI, Config, Fault Tolerance, Health, JAX-RS, JPA, JTA, Metrics, Open API, Security, Server, Tracing]
maj 25, 2021 3:24:04 PM io.helidon.microprofile.server.JaxRsCdiExtension$2 toResponse
WARNING: Internal server error
javax.persistence.TransactionRequiredException
	at io.helidon.integrations.cdi.jpa.NonTransactionalEntityManager.persist(NonTransactionalEntityManager.java:234)
	at io.helidon.integrations.cdi.jpa.NonTransactionalEntityManager$Proxy$_$$_WeldClientProxy.persist(Unknown Source)
	at io.helidon.integrations.cdi.jpa.DelegatingEntityManager.persist(DelegatingEntityManager.java:168)
	at io.helidon.integrations.cdi.jpa.JpaTransactionScopedEntityManager.persist(JpaTransactionScopedEntityManager.java:343)
	at dk.eaaa.repository.Repository.CreateUser(Repository.java:37)
	at dk.eaaa.service.response.UserService.createUser(UserService.java:22)
	at dk.eaaa.resource.UserResource.createUser(UserResource.java:39)
	at dk.eaaa.resource.UserResource$Proxy$_$$_WeldSubclass.createUser$$super(Unknown Source)
	at java.base/jdk.internal.reflect.NativeMethodAccessorImpl.invoke0(Native Method)
	at java.base/jdk.internal.reflect.NativeMethodAccessorImpl.invoke(NativeMethodAccessorImpl.java:62)
	at java.base/jdk.internal.reflect.DelegatingMethodAccessorImpl.invoke(DelegatingMethodAccessorImpl.java:43)
	at java.base/java.lang.reflect.Method.invoke(Method.java:566)
	at org.jboss.weld.interceptor.proxy.TerminalAroundInvokeInvocationContext.proceedInternal(TerminalAroundInvokeInvocationContext.java:51)
	at org.jboss.weld.interceptor.proxy.AroundInvokeInvocationContext.proceed(AroundInvokeInvocationContext.java:78)
	at io.helidon.microprofile.metrics.InterceptorSyntheticSimplyTimed.interceptRestEndpoint(InterceptorSyntheticSimplyTimed.java:64)
	at java.base/jdk.internal.reflect.NativeMethodAccessorImpl.invoke0(Native Method)
	at java.base/jdk.internal.reflect.NativeMethodAccessorImpl.invoke(NativeMethodAccessorImpl.java:62)
	at java.base/jdk.internal.reflect.DelegatingMethodAccessorImpl.invoke(DelegatingMethodAccessorImpl.java:43)
	at java.base/java.lang.reflect.Method.invoke(Method.java:566)
	at org.jboss.weld.interceptor.reader.SimpleInterceptorInvocation$SimpleMethodInvocation.invoke(SimpleInterceptorInvocation.java:73)
	at org.jboss.weld.interceptor.proxy.InterceptorMethodHandler.executeAroundInvoke(InterceptorMethodHandler.java:84)
	at org.jboss.weld.interceptor.proxy.InterceptorMethodHandler.executeInterception(InterceptorMethodHandler.java:72)
	at org.jboss.weld.interceptor.proxy.InterceptorMethodHandler.invoke(InterceptorMethodHandler.java:56)
	at org.jboss.weld.bean.proxy.CombinedInterceptorAndDecoratorStackMethodHandler.invoke(CombinedInterceptorAndDecoratorStackMethodHandler.java:79)
	at org.jboss.weld.bean.proxy.CombinedInterceptorAndDecoratorStackMethodHandler.invoke(CombinedInterceptorAndDecoratorStackMethodHandler.java:68)
	at dk.eaaa.resource.UserResource$Proxy$_$$_WeldSubclass.createUser(Unknown Source)
	at java.base/jdk.internal.reflect.NativeMethodAccessorImpl.invoke0(Native Method)
	at java.base/jdk.internal.reflect.NativeMethodAccessorImpl.invoke(NativeMethodAccessorImpl.java:62)
	at java.base/jdk.internal.reflect.DelegatingMethodAccessorImpl.invoke(DelegatingMethodAccessorImpl.java:43)
	at java.base/java.lang.reflect.Method.invoke(Method.java:566)
	at org.glassfish.jersey.server.model.internal.ResourceMethodInvocationHandlerFactory.lambda$static$0(ResourceMethodInvocationHandlerFactory.java:52)
	at org.glassfish.jersey.server.model.internal.AbstractJavaResourceMethodDispatcher$1.run(AbstractJavaResourceMethodDispatcher.java:124)
	at org.glassfish.jersey.server.model.internal.AbstractJavaResourceMethodDispatcher.invoke(AbstractJavaResourceMethodDispatcher.java:167)
	at org.glassfish.jersey.server.model.internal.JavaResourceMethodDispatcherProvider$VoidOutInvoker.doDispatch(JavaResourceMethodDispatcherProvider.java:159)
	at org.glassfish.jersey.server.model.internal.AbstractJavaResourceMethodDispatcher.dispatch(AbstractJavaResourceMethodDispatcher.java:79)
	at org.glassfish.jersey.server.model.ResourceMethodInvoker.invoke(ResourceMethodInvoker.java:475)
	at org.glassfish.jersey.server.model.ResourceMethodInvoker.apply(ResourceMethodInvoker.java:397)
	at org.glassfish.jersey.server.model.ResourceMethodInvoker.apply(ResourceMethodInvoker.java:81)
	at org.glassfish.jersey.server.ServerRuntime$1.run(ServerRuntime.java:255)
	at org.glassfish.jersey.internal.Errors$1.call(Errors.java:248)
	at org.glassfish.jersey.internal.Errors$1.call(Errors.java:244)
	at org.glassfish.jersey.internal.Errors.process(Errors.java:292)
	at org.glassfish.jersey.internal.Errors.process(Errors.java:274)
	at org.glassfish.jersey.internal.Errors.process(Errors.java:244)
	at org.glassfish.jersey.process.internal.RequestScope.runInScope(RequestScope.java:265)
	at org.glassfish.jersey.server.ServerRuntime.process(ServerRuntime.java:234)
	at org.glassfish.jersey.server.ApplicationHandler.handle(ApplicationHandler.java:680)
	at io.helidon.webserver.jersey.JerseySupport$JerseyHandler.lambda$doAccept$3(JerseySupport.java:293)
	at io.helidon.common.context.Contexts.runInContext(Contexts.java:117)
	at io.helidon.common.context.ContextAwareExecutorImpl.lambda$wrap$5(ContextAwareExecutorImpl.java:154)
	at java.base/java.util.concurrent.ThreadPoolExecutor.runWorker(ThreadPoolExecutor.java:1128)
	at java.base/java.util.concurrent.ThreadPoolExecutor$Worker.run(ThreadPoolExecutor.java:628)
	at java.base/java.lang.Thread.run(Thread.java:829)

Listening for transport dt_socket at address: 10099
maj 25, 2021 3:28:05 PM io.helidon.common.LogConfig doConfigureLogging
INFO: Logging at initialization configured using defaults
maj 25, 2021 3:28:05 PM org.jboss.weld.bootstrap.WeldStartup <clinit>
INFO: WELD-000900: 3.1.4 (Final)
maj 25, 2021 3:28:06 PM org.jboss.weld.environment.deployment.discovery.DiscoveryStrategyFactory create
INFO: WELD-ENV-000020: Using jandex for bean discovery
maj 25, 2021 3:28:06 PM org.jboss.weld.event.ExtensionObserverMethodImpl checkRequiredTypeAnnotations
INFO: WELD-000411: Observer method [BackedAnnotatedMethod] public org.glassfish.jersey.ext.cdi1x.internal.ProcessAllAnnotatedTypes.processAnnotatedType(@Observes ProcessAnnotatedType<?>, BeanManager) receives events for all annotated types. Consider restricting events using @WithAnnotations or a generic type with bounds.
maj 25, 2021 3:28:06 PM org.jboss.weld.event.ExtensionObserverMethodImpl checkRequiredTypeAnnotations
INFO: WELD-000411: Observer method [BackedAnnotatedMethod] private io.helidon.microprofile.openapi.OpenApiCdiExtension.processAnnotatedType(@Observes ProcessAnnotatedType<X>) receives events for all annotated types. Consider restricting events using @WithAnnotations or a generic type with bounds.
maj 25, 2021 3:28:08 PM io.helidon.tracing.tracerresolver.TracerResolverBuilder build
INFO: TracerResolver not configured, tracing is disabled
maj 25, 2021 3:28:08 PM io.helidon.microprofile.tracing.TracingCdiExtension prepareTracer
WARNING: helidon-microprofile-tracing is on the classpath, yet there is no tracer implementation library. Tracing uses a no-op tracer. As a result, no tracing will be configured for WebServer and JAX-RS
maj 25, 2021 3:28:08 PM io.helidon.microprofile.security.SecurityCdiExtension registerSecurity
INFO: Authentication provider is missing from security configuration, but security extension for microprofile is enabled (requires providers configuration at key security.providers). Security will not have any valid authentication provider
maj 25, 2021 3:28:08 PM io.helidon.microprofile.security.SecurityCdiExtension registerSecurity
INFO: Authorization provider is missing from security configuration, but security extension for microprofile is enabled (requires providers configuration at key security.providers). ABAC provider is configured for authorization.
maj 25, 2021 3:28:08 PM org.hibernate.jpa.internal.util.LogHelper logPersistenceUnitInformation
INFO: HHH000204: Processing PersistenceUnitInfo [name: demo]
maj 25, 2021 3:28:08 PM org.hibernate.Version logVersion
INFO: HHH000412: Hibernate ORM core version 5.4.18.Final
maj 25, 2021 3:28:09 PM org.hibernate.annotations.common.reflection.java.JavaReflectionManager <clinit>
INFO: HCANN000001: Hibernate Commons Annotations {5.1.0.Final}
maj 25, 2021 3:28:09 PM com.zaxxer.hikari.HikariDataSource <init>
INFO: HikariPool-1 - Starting...
maj 25, 2021 3:28:09 PM com.zaxxer.hikari.HikariDataSource <init>
INFO: HikariPool-1 - Start completed.
maj 25, 2021 3:28:09 PM org.hibernate.dialect.Dialect <init>
INFO: HHH000400: Using dialect: org.hibernate.dialect.SQLServerDialect
maj 25, 2021 3:28:10 PM org.hibernate.engine.transaction.jta.platform.internal.JtaPlatformInitiator initiateService
INFO: HHH000490: Using JtaPlatform implementation: [io.helidon.integrations.cdi.hibernate.CDISEJtaPlatform$Proxy$_$$_WeldClientProxy]
maj 25, 2021 3:28:11 PM io.helidon.microprofile.server.ServerCdiExtension addApplication
INFO: Registering JAX-RS Application: Quiz_OP
maj 25, 2021 3:28:11 PM org.glassfish.jersey.internal.Errors logErrors
WARNING: The following warnings have been detected: WARNING: The (sub)resource method createUser in dk.eaaa.resource.UserResource contains empty path annotation.
WARNING: The (sub)resource method createAdvertisement in dk.eaaa.resource.AdvertisementResource contains empty path annotation.

maj 25, 2021 3:28:12 PM io.helidon.webserver.NettyWebServer lambda$start$7
INFO: Channel '@default' started: [id: 0x47c52a92, L:/0:0:0:0:0:0:0:0:8099]
maj 25, 2021 3:28:12 PM io.helidon.microprofile.server.ServerCdiExtension startServer
INFO: Server started on http://localhost:8099 (and all other host addresses) in 7378 milliseconds (since JVM startup).
maj 25, 2021 3:28:12 PM io.helidon.common.HelidonFeatures features
INFO: Helidon MP 2.1.0 features: [CDI, Config, Fault Tolerance, Health, JAX-RS, JPA, JTA, Metrics, Open API, Security, Server, Tracing]
maj 25, 2021 3:28:16 PM io.helidon.microprofile.server.JaxRsCdiExtension$2 toResponse
WARNING: Internal server error
javax.persistence.TransactionRequiredException
	at io.helidon.integrations.cdi.jpa.NonTransactionalEntityManager.persist(NonTransactionalEntityManager.java:234)
	at io.helidon.integrations.cdi.jpa.NonTransactionalEntityManager$Proxy$_$$_WeldClientProxy.persist(Unknown Source)
	at io.helidon.integrations.cdi.jpa.DelegatingEntityManager.persist(DelegatingEntityManager.java:168)
	at io.helidon.integrations.cdi.jpa.JpaTransactionScopedEntityManager.persist(JpaTransactionScopedEntityManager.java:343)
	at dk.eaaa.repository.Repository.CreateUser(Repository.java:36)
	at dk.eaaa.service.response.UserService.createUser(UserService.java:22)
	at dk.eaaa.resource.UserResource.createUser(UserResource.java:39)
	at dk.eaaa.resource.UserResource$Proxy$_$$_WeldSubclass.createUser$$super(Unknown Source)
	at java.base/jdk.internal.reflect.NativeMethodAccessorImpl.invoke0(Native Method)
	at java.base/jdk.internal.reflect.NativeMethodAccessorImpl.invoke(NativeMethodAccessorImpl.java:62)
	at java.base/jdk.internal.reflect.DelegatingMethodAccessorImpl.invoke(DelegatingMethodAccessorImpl.java:43)
	at java.base/java.lang.reflect.Method.invoke(Method.java:566)
	at org.jboss.weld.interceptor.proxy.TerminalAroundInvokeInvocationContext.proceedInternal(TerminalAroundInvokeInvocationContext.java:51)
	at org.jboss.weld.interceptor.proxy.AroundInvokeInvocationContext.proceed(AroundInvokeInvocationContext.java:78)
	at io.helidon.microprofile.metrics.InterceptorSyntheticSimplyTimed.interceptRestEndpoint(InterceptorSyntheticSimplyTimed.java:64)
	at java.base/jdk.internal.reflect.NativeMethodAccessorImpl.invoke0(Native Method)
	at java.base/jdk.internal.reflect.NativeMethodAccessorImpl.invoke(NativeMethodAccessorImpl.java:62)
	at java.base/jdk.internal.reflect.DelegatingMethodAccessorImpl.invoke(DelegatingMethodAccessorImpl.java:43)
	at java.base/java.lang.reflect.Method.invoke(Method.java:566)
	at org.jboss.weld.interceptor.reader.SimpleInterceptorInvocation$SimpleMethodInvocation.invoke(SimpleInterceptorInvocation.java:73)
	at org.jboss.weld.interceptor.proxy.InterceptorMethodHandler.executeAroundInvoke(InterceptorMethodHandler.java:84)
	at org.jboss.weld.interceptor.proxy.InterceptorMethodHandler.executeInterception(InterceptorMethodHandler.java:72)
	at org.jboss.weld.interceptor.proxy.InterceptorMethodHandler.invoke(InterceptorMethodHandler.java:56)
	at org.jboss.weld.bean.proxy.CombinedInterceptorAndDecoratorStackMethodHandler.invoke(CombinedInterceptorAndDecoratorStackMethodHandler.java:79)
	at org.jboss.weld.bean.proxy.CombinedInterceptorAndDecoratorStackMethodHandler.invoke(CombinedInterceptorAndDecoratorStackMethodHandler.java:68)
	at dk.eaaa.resource.UserResource$Proxy$_$$_WeldSubclass.createUser(Unknown Source)
	at java.base/jdk.internal.reflect.NativeMethodAccessorImpl.invoke0(Native Method)
	at java.base/jdk.internal.reflect.NativeMethodAccessorImpl.invoke(NativeMethodAccessorImpl.java:62)
	at java.base/jdk.internal.reflect.DelegatingMethodAccessorImpl.invoke(DelegatingMethodAccessorImpl.java:43)
	at java.base/java.lang.reflect.Method.invoke(Method.java:566)
	at org.glassfish.jersey.server.model.internal.ResourceMethodInvocationHandlerFactory.lambda$static$0(ResourceMethodInvocationHandlerFactory.java:52)
	at org.glassfish.jersey.server.model.internal.AbstractJavaResourceMethodDispatcher$1.run(AbstractJavaResourceMethodDispatcher.java:124)
	at org.glassfish.jersey.server.model.internal.AbstractJavaResourceMethodDispatcher.invoke(AbstractJavaResourceMethodDispatcher.java:167)
	at org.glassfish.jersey.server.model.internal.JavaResourceMethodDispatcherProvider$VoidOutInvoker.doDispatch(JavaResourceMethodDispatcherProvider.java:159)
	at org.glassfish.jersey.server.model.internal.AbstractJavaResourceMethodDispatcher.dispatch(AbstractJavaResourceMethodDispatcher.java:79)
	at org.glassfish.jersey.server.model.ResourceMethodInvoker.invoke(ResourceMethodInvoker.java:475)
	at org.glassfish.jersey.server.model.ResourceMethodInvoker.apply(ResourceMethodInvoker.java:397)
	at org.glassfish.jersey.server.model.ResourceMethodInvoker.apply(ResourceMethodInvoker.java:81)
	at org.glassfish.jersey.server.ServerRuntime$1.run(ServerRuntime.java:255)
	at org.glassfish.jersey.internal.Errors$1.call(Errors.java:248)
	at org.glassfish.jersey.internal.Errors$1.call(Errors.java:244)
	at org.glassfish.jersey.internal.Errors.process(Errors.java:292)
	at org.glassfish.jersey.internal.Errors.process(Errors.java:274)
	at org.glassfish.jersey.internal.Errors.process(Errors.java:244)
	at org.glassfish.jersey.process.internal.RequestScope.runInScope(RequestScope.java:265)
	at org.glassfish.jersey.server.ServerRuntime.process(ServerRuntime.java:234)
	at org.glassfish.jersey.server.ApplicationHandler.handle(ApplicationHandler.java:680)
	at io.helidon.webserver.jersey.JerseySupport$JerseyHandler.lambda$doAccept$3(JerseySupport.java:293)
	at io.helidon.common.context.Contexts.runInContext(Contexts.java:117)
	at io.helidon.common.context.ContextAwareExecutorImpl.lambda$wrap$5(ContextAwareExecutorImpl.java:154)
	at java.base/java.util.concurrent.ThreadPoolExecutor.runWorker(ThreadPoolExecutor.java:1128)
	at java.base/java.util.concurrent.ThreadPoolExecutor$Worker.run(ThreadPoolExecutor.java:628)
	at java.base/java.lang.Thread.run(Thread.java:829)

maj 25, 2021 3:29:21 PM io.helidon.microprofile.server.JaxRsCdiExtension$2 toResponse
WARNING: Internal server error
javax.persistence.TransactionRequiredException
	at io.helidon.integrations.cdi.jpa.NonTransactionalEntityManager.persist(NonTransactionalEntityManager.java:234)
	at io.helidon.integrations.cdi.jpa.NonTransactionalEntityManager$Proxy$_$$_WeldClientProxy.persist(Unknown Source)
	at io.helidon.integrations.cdi.jpa.DelegatingEntityManager.persist(DelegatingEntityManager.java:168)
	at io.helidon.integrations.cdi.jpa.JpaTransactionScopedEntityManager.persist(JpaTransactionScopedEntityManager.java:343)
	at dk.eaaa.repository.Repository.CreateUser(Repository.java:36)
	at dk.eaaa.service.response.UserService.createUser(UserService.java:22)
	at dk.eaaa.resource.UserResource.createUser(UserResource.java:39)
	at dk.eaaa.resource.UserResource$Proxy$_$$_WeldSubclass.createUser$$super(Unknown Source)
	at java.base/jdk.internal.reflect.NativeMethodAccessorImpl.invoke0(Native Method)
	at java.base/jdk.internal.reflect.NativeMethodAccessorImpl.invoke(NativeMethodAccessorImpl.java:62)
	at java.base/jdk.internal.reflect.DelegatingMethodAccessorImpl.invoke(DelegatingMethodAccessorImpl.java:43)
	at java.base/java.lang.reflect.Method.invoke(Method.java:566)
	at org.jboss.weld.interceptor.proxy.TerminalAroundInvokeInvocationContext.proceedInternal(TerminalAroundInvokeInvocationContext.java:51)
	at org.jboss.weld.interceptor.proxy.AroundInvokeInvocationContext.proceed(AroundInvokeInvocationContext.java:78)
	at io.helidon.microprofile.metrics.InterceptorSyntheticSimplyTimed.interceptRestEndpoint(InterceptorSyntheticSimplyTimed.java:64)
	at java.base/jdk.internal.reflect.NativeMethodAccessorImpl.invoke0(Native Method)
	at java.base/jdk.internal.reflect.NativeMethodAccessorImpl.invoke(NativeMethodAccessorImpl.java:62)
	at java.base/jdk.internal.reflect.DelegatingMethodAccessorImpl.invoke(DelegatingMethodAccessorImpl.java:43)
	at java.base/java.lang.reflect.Method.invoke(Method.java:566)
	at org.jboss.weld.interceptor.reader.SimpleInterceptorInvocation$SimpleMethodInvocation.invoke(SimpleInterceptorInvocation.java:73)
	at org.jboss.weld.interceptor.proxy.InterceptorMethodHandler.executeAroundInvoke(InterceptorMethodHandler.java:84)
	at org.jboss.weld.interceptor.proxy.InterceptorMethodHandler.executeInterception(InterceptorMethodHandler.java:72)
	at org.jboss.weld.interceptor.proxy.InterceptorMethodHandler.invoke(InterceptorMethodHandler.java:56)
	at org.jboss.weld.bean.proxy.CombinedInterceptorAndDecoratorStackMethodHandler.invoke(CombinedInterceptorAndDecoratorStackMethodHandler.java:79)
	at org.jboss.weld.bean.proxy.CombinedInterceptorAndDecoratorStackMethodHandler.invoke(CombinedInterceptorAndDecoratorStackMethodHandler.java:68)
	at dk.eaaa.resource.UserResource$Proxy$_$$_WeldSubclass.createUser(Unknown Source)
	at java.base/jdk.internal.reflect.NativeMethodAccessorImpl.invoke0(Native Method)
	at java.base/jdk.internal.reflect.NativeMethodAccessorImpl.invoke(NativeMethodAccessorImpl.java:62)
	at java.base/jdk.internal.reflect.DelegatingMethodAccessorImpl.invoke(DelegatingMethodAccessorImpl.java:43)
	at java.base/java.lang.reflect.Method.invoke(Method.java:566)
	at org.glassfish.jersey.server.model.internal.ResourceMethodInvocationHandlerFactory.lambda$static$0(ResourceMethodInvocationHandlerFactory.java:52)
	at org.glassfish.jersey.server.model.internal.AbstractJavaResourceMethodDispatcher$1.run(AbstractJavaResourceMethodDispatcher.java:124)
	at org.glassfish.jersey.server.model.internal.AbstractJavaResourceMethodDispatcher.invoke(AbstractJavaResourceMethodDispatcher.java:167)
	at org.glassfish.jersey.server.model.internal.JavaResourceMethodDispatcherProvider$VoidOutInvoker.doDispatch(JavaResourceMethodDispatcherProvider.java:159)
	at org.glassfish.jersey.server.model.internal.AbstractJavaResourceMethodDispatcher.dispatch(AbstractJavaResourceMethodDispatcher.java:79)
	at org.glassfish.jersey.server.model.ResourceMethodInvoker.invoke(ResourceMethodInvoker.java:475)
	at org.glassfish.jersey.server.model.ResourceMethodInvoker.apply(ResourceMethodInvoker.java:397)
	at org.glassfish.jersey.server.model.ResourceMethodInvoker.apply(ResourceMethodInvoker.java:81)
	at org.glassfish.jersey.server.ServerRuntime$1.run(ServerRuntime.java:255)
	at org.glassfish.jersey.internal.Errors$1.call(Errors.java:248)
	at org.glassfish.jersey.internal.Errors$1.call(Errors.java:244)
	at org.glassfish.jersey.internal.Errors.process(Errors.java:292)
	at org.glassfish.jersey.internal.Errors.process(Errors.java:274)
	at org.glassfish.jersey.internal.Errors.process(Errors.java:244)
	at org.glassfish.jersey.process.internal.RequestScope.runInScope(RequestScope.java:265)
	at org.glassfish.jersey.server.ServerRuntime.process(ServerRuntime.java:234)
	at org.glassfish.jersey.server.ApplicationHandler.handle(ApplicationHandler.java:680)
	at io.helidon.webserver.jersey.JerseySupport$JerseyHandler.lambda$doAccept$3(JerseySupport.java:293)
	at io.helidon.common.context.Contexts.runInContext(Contexts.java:117)
	at io.helidon.common.context.ContextAwareExecutorImpl.lambda$wrap$5(ContextAwareExecutorImpl.java:154)
	at java.base/java.util.concurrent.ThreadPoolExecutor.runWorker(ThreadPoolExecutor.java:1128)
	at java.base/java.util.concurrent.ThreadPoolExecutor$Worker.run(ThreadPoolExecutor.java:628)
	at java.base/java.lang.Thread.run(Thread.java:829)

maj 25, 2021 3:34:03 PM com.zaxxer.hikari.pool.HikariPool$HouseKeeper run
WARNING: HikariPool-1 - Thread starvation or clock leap detected (housekeeper delta=53s725ms714s800ns).
maj 25, 2021 3:34:03 PM io.helidon.microprofile.server.JaxRsCdiExtension$2 toResponse
WARNING: Internal server error
javax.persistence.TransactionRequiredException
	at io.helidon.integrations.cdi.jpa.NonTransactionalEntityManager.persist(NonTransactionalEntityManager.java:234)
	at io.helidon.integrations.cdi.jpa.NonTransactionalEntityManager$Proxy$_$$_WeldClientProxy.persist(Unknown Source)
	at io.helidon.integrations.cdi.jpa.DelegatingEntityManager.persist(DelegatingEntityManager.java:168)
	at io.helidon.integrations.cdi.jpa.JpaTransactionScopedEntityManager.persist(JpaTransactionScopedEntityManager.java:343)
	at dk.eaaa.repository.Repository.CreateUser(Repository.java:36)
	at dk.eaaa.service.response.UserService.createUser(UserService.java:22)
	at dk.eaaa.resource.UserResource.createUser(UserResource.java:39)
	at dk.eaaa.resource.UserResource$Proxy$_$$_WeldSubclass.createUser$$super(Unknown Source)
	at java.base/jdk.internal.reflect.NativeMethodAccessorImpl.invoke0(Native Method)
	at java.base/jdk.internal.reflect.NativeMethodAccessorImpl.invoke(NativeMethodAccessorImpl.java:62)
	at java.base/jdk.internal.reflect.DelegatingMethodAccessorImpl.invoke(DelegatingMethodAccessorImpl.java:43)
	at java.base/java.lang.reflect.Method.invoke(Method.java:566)
	at org.jboss.weld.interceptor.proxy.TerminalAroundInvokeInvocationContext.proceedInternal(TerminalAroundInvokeInvocationContext.java:51)
	at org.jboss.weld.interceptor.proxy.AroundInvokeInvocationContext.proceed(AroundInvokeInvocationContext.java:78)
	at io.helidon.microprofile.metrics.InterceptorSyntheticSimplyTimed.interceptRestEndpoint(InterceptorSyntheticSimplyTimed.java:64)
	at java.base/jdk.internal.reflect.NativeMethodAccessorImpl.invoke0(Native Method)
	at java.base/jdk.internal.reflect.NativeMethodAccessorImpl.invoke(NativeMethodAccessorImpl.java:62)
	at java.base/jdk.internal.reflect.DelegatingMethodAccessorImpl.invoke(DelegatingMethodAccessorImpl.java:43)
	at java.base/java.lang.reflect.Method.invoke(Method.java:566)
	at org.jboss.weld.interceptor.reader.SimpleInterceptorInvocation$SimpleMethodInvocation.invoke(SimpleInterceptorInvocation.java:73)
	at org.jboss.weld.interceptor.proxy.InterceptorMethodHandler.executeAroundInvoke(InterceptorMethodHandler.java:84)
	at org.jboss.weld.interceptor.proxy.InterceptorMethodHandler.executeInterception(InterceptorMethodHandler.java:72)
	at org.jboss.weld.interceptor.proxy.InterceptorMethodHandler.invoke(InterceptorMethodHandler.java:56)
	at org.jboss.weld.bean.proxy.CombinedInterceptorAndDecoratorStackMethodHandler.invoke(CombinedInterceptorAndDecoratorStackMethodHandler.java:79)
	at org.jboss.weld.bean.proxy.CombinedInterceptorAndDecoratorStackMethodHandler.invoke(CombinedInterceptorAndDecoratorStackMethodHandler.java:68)
	at dk.eaaa.resource.UserResource$Proxy$_$$_WeldSubclass.createUser(Unknown Source)
	at java.base/jdk.internal.reflect.NativeMethodAccessorImpl.invoke0(Native Method)
	at java.base/jdk.internal.reflect.NativeMethodAccessorImpl.invoke(NativeMethodAccessorImpl.java:62)
	at java.base/jdk.internal.reflect.DelegatingMethodAccessorImpl.invoke(DelegatingMethodAccessorImpl.java:43)
	at java.base/java.lang.reflect.Method.invoke(Method.java:566)
	at org.glassfish.jersey.server.model.internal.ResourceMethodInvocationHandlerFactory.lambda$static$0(ResourceMethodInvocationHandlerFactory.java:52)
	at org.glassfish.jersey.server.model.internal.AbstractJavaResourceMethodDispatcher$1.run(AbstractJavaResourceMethodDispatcher.java:124)
	at org.glassfish.jersey.server.model.internal.AbstractJavaResourceMethodDispatcher.invoke(AbstractJavaResourceMethodDispatcher.java:167)
	at org.glassfish.jersey.server.model.internal.JavaResourceMethodDispatcherProvider$VoidOutInvoker.doDispatch(JavaResourceMethodDispatcherProvider.java:159)
	at org.glassfish.jersey.server.model.internal.AbstractJavaResourceMethodDispatcher.dispatch(AbstractJavaResourceMethodDispatcher.java:79)
	at org.glassfish.jersey.server.model.ResourceMethodInvoker.invoke(ResourceMethodInvoker.java:475)
	at org.glassfish.jersey.server.model.ResourceMethodInvoker.apply(ResourceMethodInvoker.java:397)
	at org.glassfish.jersey.server.model.ResourceMethodInvoker.apply(ResourceMethodInvoker.java:81)
	at org.glassfish.jersey.server.ServerRuntime$1.run(ServerRuntime.java:255)
	at org.glassfish.jersey.internal.Errors$1.call(Errors.java:248)
	at org.glassfish.jersey.internal.Errors$1.call(Errors.java:244)
	at org.glassfish.jersey.internal.Errors.process(Errors.java:292)
	at org.glassfish.jersey.internal.Errors.process(Errors.java:274)
	at org.glassfish.jersey.internal.Errors.process(Errors.java:244)
	at org.glassfish.jersey.process.internal.RequestScope.runInScope(RequestScope.java:265)
	at org.glassfish.jersey.server.ServerRuntime.process(ServerRuntime.java:234)
	at org.glassfish.jersey.server.ApplicationHandler.handle(ApplicationHandler.java:680)
	at io.helidon.webserver.jersey.JerseySupport$JerseyHandler.lambda$doAccept$3(JerseySupport.java:293)
	at io.helidon.common.context.Contexts.runInContext(Contexts.java:117)
	at io.helidon.common.context.ContextAwareExecutorImpl.lambda$wrap$5(ContextAwareExecutorImpl.java:154)
	at java.base/java.util.concurrent.ThreadPoolExecutor.runWorker(ThreadPoolExecutor.java:1128)
	at java.base/java.util.concurrent.ThreadPoolExecutor$Worker.run(ThreadPoolExecutor.java:628)
	at java.base/java.lang.Thread.run(Thread.java:829)

Listening for transport dt_socket at address: 10099
maj 25, 2021 3:42:11 PM io.helidon.microprofile.server.JaxRsCdiExtension$2 toResponse
WARNING: Internal server error
javax.persistence.TransactionRequiredException
	at io.helidon.integrations.cdi.jpa.NonTransactionalEntityManager.persist(NonTransactionalEntityManager.java:234)
	at io.helidon.integrations.cdi.jpa.NonTransactionalEntityManager$Proxy$_$$_WeldClientProxy.persist(Unknown Source)
	at io.helidon.integrations.cdi.jpa.DelegatingEntityManager.persist(DelegatingEntityManager.java:168)
	at io.helidon.integrations.cdi.jpa.JpaTransactionScopedEntityManager.persist(JpaTransactionScopedEntityManager.java:343)
	at dk.eaaa.repository.Repository.CreateUser(Repository.java:36)
	at dk.eaaa.service.response.UserService.createUser(UserService.java:22)
	at dk.eaaa.resource.UserResource.createUser(UserResource.java:39)
	at dk.eaaa.resource.UserResource$Proxy$_$$_WeldSubclass.createUser$$super(Unknown Source)
	at java.base/jdk.internal.reflect.NativeMethodAccessorImpl.invoke0(Native Method)
	at java.base/jdk.internal.reflect.NativeMethodAccessorImpl.invoke(NativeMethodAccessorImpl.java:62)
	at java.base/jdk.internal.reflect.DelegatingMethodAccessorImpl.invoke(DelegatingMethodAccessorImpl.java:43)
	at java.base/java.lang.reflect.Method.invoke(Method.java:566)
	at org.jboss.weld.interceptor.proxy.TerminalAroundInvokeInvocationContext.proceedInternal(TerminalAroundInvokeInvocationContext.java:51)
	at org.jboss.weld.interceptor.proxy.AroundInvokeInvocationContext.proceed(AroundInvokeInvocationContext.java:78)
	at io.helidon.microprofile.metrics.InterceptorSyntheticSimplyTimed.interceptRestEndpoint(InterceptorSyntheticSimplyTimed.java:64)
	at java.base/jdk.internal.reflect.NativeMethodAccessorImpl.invoke0(Native Method)
	at java.base/jdk.internal.reflect.NativeMethodAccessorImpl.invoke(NativeMethodAccessorImpl.java:62)
	at java.base/jdk.internal.reflect.DelegatingMethodAccessorImpl.invoke(DelegatingMethodAccessorImpl.java:43)
	at java.base/java.lang.reflect.Method.invoke(Method.java:566)
	at org.jboss.weld.interceptor.reader.SimpleInterceptorInvocation$SimpleMethodInvocation.invoke(SimpleInterceptorInvocation.java:73)
	at org.jboss.weld.interceptor.proxy.InterceptorMethodHandler.executeAroundInvoke(InterceptorMethodHandler.java:84)
	at org.jboss.weld.interceptor.proxy.InterceptorMethodHandler.executeInterception(InterceptorMethodHandler.java:72)
	at org.jboss.weld.interceptor.proxy.InterceptorMethodHandler.invoke(InterceptorMethodHandler.java:56)
	at org.jboss.weld.bean.proxy.CombinedInterceptorAndDecoratorStackMethodHandler.invoke(CombinedInterceptorAndDecoratorStackMethodHandler.java:79)
	at org.jboss.weld.bean.proxy.CombinedInterceptorAndDecoratorStackMethodHandler.invoke(CombinedInterceptorAndDecoratorStackMethodHandler.java:68)
	at dk.eaaa.resource.UserResource$Proxy$_$$_WeldSubclass.createUser(Unknown Source)
	at java.base/jdk.internal.reflect.NativeMethodAccessorImpl.invoke0(Native Method)
	at java.base/jdk.internal.reflect.NativeMethodAccessorImpl.invoke(NativeMethodAccessorImpl.java:62)
	at java.base/jdk.internal.reflect.DelegatingMethodAccessorImpl.invoke(DelegatingMethodAccessorImpl.java:43)
	at java.base/java.lang.reflect.Method.invoke(Method.java:566)
	at org.glassfish.jersey.server.model.internal.ResourceMethodInvocationHandlerFactory.lambda$static$0(ResourceMethodInvocationHandlerFactory.java:52)
	at org.glassfish.jersey.server.model.internal.AbstractJavaResourceMethodDispatcher$1.run(AbstractJavaResourceMethodDispatcher.java:124)
	at org.glassfish.jersey.server.model.internal.AbstractJavaResourceMethodDispatcher.invoke(AbstractJavaResourceMethodDispatcher.java:167)
	at org.glassfish.jersey.server.model.internal.JavaResourceMethodDispatcherProvider$VoidOutInvoker.doDispatch(JavaResourceMethodDispatcherProvider.java:159)
	at org.glassfish.jersey.server.model.internal.AbstractJavaResourceMethodDispatcher.dispatch(AbstractJavaResourceMethodDispatcher.java:79)
	at org.glassfish.jersey.server.model.ResourceMethodInvoker.invoke(ResourceMethodInvoker.java:475)
	at org.glassfish.jersey.server.model.ResourceMethodInvoker.apply(ResourceMethodInvoker.java:397)
	at org.glassfish.jersey.server.model.ResourceMethodInvoker.apply(ResourceMethodInvoker.java:81)
	at org.glassfish.jersey.server.ServerRuntime$1.run(ServerRuntime.java:255)
	at org.glassfish.jersey.internal.Errors$1.call(Errors.java:248)
	at org.glassfish.jersey.internal.Errors$1.call(Errors.java:244)
	at org.glassfish.jersey.internal.Errors.process(Errors.java:292)
	at org.glassfish.jersey.internal.Errors.process(Errors.java:274)
	at org.glassfish.jersey.internal.Errors.process(Errors.java:244)
	at org.glassfish.jersey.process.internal.RequestScope.runInScope(RequestScope.java:265)
	at org.glassfish.jersey.server.ServerRuntime.process(ServerRuntime.java:234)
	at org.glassfish.jersey.server.ApplicationHandler.handle(ApplicationHandler.java:680)
	at io.helidon.webserver.jersey.JerseySupport$JerseyHandler.lambda$doAccept$3(JerseySupport.java:293)
	at io.helidon.common.context.Contexts.runInContext(Contexts.java:117)
	at io.helidon.common.context.ContextAwareExecutorImpl.lambda$wrap$5(ContextAwareExecutorImpl.java:154)
	at java.base/java.util.concurrent.ThreadPoolExecutor.runWorker(ThreadPoolExecutor.java:1128)
	at java.base/java.util.concurrent.ThreadPoolExecutor$Worker.run(ThreadPoolExecutor.java:628)
	at java.base/java.lang.Thread.run(Thread.java:829)

maj 25, 2021 3:43:25 PM com.arjuna.ats.arjuna.recovery.TransactionStatusManager start
INFO: ARJUNA012170: TransactionStatusManager started on port 51438 and host 127.0.0.1 with service com.arjuna.ats.arjuna.recovery.ActionStatusService
Hibernate: select userpo0_.Id as id1_0_0_, userpo0_.CITY_FK as city_fk2_0_0_, userpo0_.COMPANY_NAME as company_3_0_0_, userpo0_.CREATION_DATE as creation4_0_0_, userpo0_.EMAIL as email5_0_0_, userpo0_.FIRST_NAME as first_na6_0_0_, userpo0_.LAST_NAME as last_nam7_0_0_, userpo0_.PHONE_CODE as phone_co8_0_0_, userpo0_.PHONE_NUMBER as phone_nu9_0_0_, userpo0_.TYPE as type10_0_0_ from AD_USER userpo0_ where userpo0_.Id=?
Hibernate: insert into ADVERTISEMENT (CATEGORY, CREATION_DATE, HEADLINE, PRICE, TEXT, TYPE, USER_FK, Id) values (?, ?, ?, ?, ?, ?, ?, ?)
